<?xml version="1.0" encoding="UTF-8"?>
<testsuite xmlns:xsi="http://www.w3.org/2001/XMLSchema-instance" xsi:noNamespaceSchemaLocation="https://maven.apache.org/surefire/maven-surefire-plugin/xsd/surefire-test-report-3.0.xsd" version="3.0" name="use_case.login.LoginInteractorTest" time="0.115" tests="4" errors="0" skipped="0" failures="0">
  <properties>
[...]
</properties>
  <testcase name="failureUserDoesNotExistTest" classname="use_case.login.LoginInteractorTest" time="0.012"/>
  <testcase name="failurePasswordMismatchTest" classname="use_case.login.LoginInteractorTest" time="0.0"/>
  <testcase name="successTest" classname="use_case.login.LoginInteractorTest" time="0.0"/>
  <testcase name="successUserLoggedInTest" classname="use_case.login.LoginInteractorTest" time="0.0"/>
</testsuite>