<?xml version="1.0" encoding="UTF-8"?>
<checkstyle version="9.3">
<file name="C:\Users\varak\Documents\Homework\University\Year 1\CSC207\tanashi2\hw5-git-activity-phase1\homework-5\src\main\java\app\ChangePasswordUseCaseFactory.java">
<error line="1" severity="error" message="Missing package-info.java file." source="com.puppycrawl.tools.checkstyle.checks.javadoc.JavadocPackageCheck"/>
<error line="16" severity="error" message="Line is longer than 80 characters (found 81)." source="com.puppycrawl.tools.checkstyle.checks.sizes.LineLengthCheck"/>
<error line="27" severity="error" message="Line is longer than 80 characters (found 83)." source="com.puppycrawl.tools.checkstyle.checks.sizes.LineLengthCheck"/>
<error line="28" severity="error" message="Line is longer than 80 characters (found 85)." source="com.puppycrawl.tools.checkstyle.checks.sizes.LineLengthCheck"/>
<error line="29" severity="error" message="Line is longer than 80 characters (found 108)." source="com.puppycrawl.tools.checkstyle.checks.sizes.LineLengthCheck"/>
<error line="33" column="13" severity="error" message="Parameter viewManagerModel should be final." source="com.puppycrawl.tools.checkstyle.checks.FinalParametersCheck"/>
<error line="34" column="13" severity="error" message="Parameter loggedInViewModel should be final." source="com.puppycrawl.tools.checkstyle.checks.FinalParametersCheck"/>
<error line="35" column="13" severity="error" message="Parameter userDataAccessObject should be final." source="com.puppycrawl.tools.checkstyle.checks.FinalParametersCheck"/>
<error line="38" severity="error" message="Line is longer than 80 characters (found 107)." source="com.puppycrawl.tools.checkstyle.checks.sizes.LineLengthCheck"/>
<error line="44" column="13" severity="error" message="Parameter viewManagerModel should be final." source="com.puppycrawl.tools.checkstyle.checks.FinalParametersCheck"/>
<error line="45" column="13" severity="error" message="Parameter loggedInViewModel should be final." source="com.puppycrawl.tools.checkstyle.checks.FinalParametersCheck"/>
<error line="46" column="13" severity="error" message="Parameter userDataAccessObject should be final." source="com.puppycrawl.tools.checkstyle.checks.FinalParametersCheck"/>
<error line="49" severity="error" message="Line is longer than 80 characters (found 113)." source="com.puppycrawl.tools.checkstyle.checks.sizes.LineLengthCheck"/>
<error line="50" severity="error" message="Line is longer than 80 characters (found 115)." source="com.puppycrawl.tools.checkstyle.checks.sizes.LineLengthCheck"/>
<error line="55" severity="error" message="Line is longer than 80 characters (found 110)." source="com.puppycrawl.tools.checkstyle.checks.sizes.LineLengthCheck"/>
</file>
<file name="C:\Users\varak\Documents\Homework\University\Year 1\CSC207\tanashi2\hw5-git-activity-phase1\homework-5\src\main\java\app\LoginUseCaseFactory.java">
<error line="28" severity="error" message="Line is longer than 80 characters (found 82)." source="com.puppycrawl.tools.checkstyle.checks.sizes.LineLengthCheck"/>
<error line="29" severity="error" message="Line is longer than 80 characters (found 96)." source="com.puppycrawl.tools.checkstyle.checks.sizes.LineLengthCheck"/>
<error line="33" column="13" severity="error" message="Parameter viewManagerModel should be final." source="com.puppycrawl.tools.checkstyle.checks.FinalParametersCheck"/>
<error line="34" column="13" severity="error" message="Parameter loginViewModel should be final." source="com.puppycrawl.tools.checkstyle.checks.FinalParametersCheck"/>
<error line="35" column="13" severity="error" message="Parameter loggedInViewModel should be final." source="com.puppycrawl.tools.checkstyle.checks.FinalParametersCheck"/>
<error line="36" column="13" severity="error" message="Parameter userDataAccessObject should be final." source="com.puppycrawl.tools.checkstyle.checks.FinalParametersCheck"/>
<error line="38" severity="error" message="Line is longer than 80 characters (found 100)." source="com.puppycrawl.tools.checkstyle.checks.sizes.LineLengthCheck"/>
<error line="39" severity="error" message="Line is longer than 80 characters (found 108)." source="com.puppycrawl.tools.checkstyle.checks.sizes.LineLengthCheck"/>
<error line="45" column="13" severity="error" message="Parameter viewManagerModel should be final." source="com.puppycrawl.tools.checkstyle.checks.FinalParametersCheck"/>
<error line="46" column="13" severity="error" message="Parameter loginViewModel should be final." source="com.puppycrawl.tools.checkstyle.checks.FinalParametersCheck"/>
<error line="47" column="13" severity="error" message="Parameter loggedInViewModel should be final." source="com.puppycrawl.tools.checkstyle.checks.FinalParametersCheck"/>
<error line="48" column="13" severity="error" message="Parameter userDataAccessObject should be final." source="com.puppycrawl.tools.checkstyle.checks.FinalParametersCheck"/>
<error line="51" severity="error" message="Line is longer than 80 characters (found 92)." source="com.puppycrawl.tools.checkstyle.checks.sizes.LineLengthCheck"/>
<error line="52" severity="error" message="Line is longer than 80 characters (found 110)." source="com.puppycrawl.tools.checkstyle.checks.sizes.LineLengthCheck"/>
</file>
<file name="C:\Users\varak\Documents\Homework\University\Year 1\CSC207\tanashi2\hw5-git-activity-phase1\homework-5\src\main\java\app\MainWithDB.java">
<error line="23" column="1" severity="error" message="Utility classes should not have a public or default constructor." source="com.puppycrawl.tools.checkstyle.checks.design.HideUtilityClassConstructorCheck"/>
<error line="26" severity="error" message="Line is longer than 80 characters (found 100)." source="com.puppycrawl.tools.checkstyle.checks.sizes.LineLengthCheck"/>
<error line="29" column="29" severity="error" message="Parameter args should be final." source="com.puppycrawl.tools.checkstyle.checks.FinalParametersCheck"/>
<error line="47" severity="error" message="Line is longer than 80 characters (found 88)." source="com.puppycrawl.tools.checkstyle.checks.sizes.LineLengthCheck"/>
<error line="48" severity="error" message="Line is longer than 80 characters (found 87)." source="com.puppycrawl.tools.checkstyle.checks.sizes.LineLengthCheck"/>
<error line="55" severity="error" message="Line is longer than 80 characters (found 91)." source="com.puppycrawl.tools.checkstyle.checks.sizes.LineLengthCheck"/>
<error line="56" severity="error" message="Line is longer than 80 characters (found 112)." source="com.puppycrawl.tools.checkstyle.checks.sizes.LineLengthCheck"/>
<error line="58" severity="error" message="Line is longer than 80 characters (found 99)." source="com.puppycrawl.tools.checkstyle.checks.sizes.LineLengthCheck"/>
<error line="59" severity="error" message="Line is longer than 80 characters (found 105)." source="com.puppycrawl.tools.checkstyle.checks.sizes.LineLengthCheck"/>
<error line="62" severity="error" message="Line is longer than 80 characters (found 96)." source="com.puppycrawl.tools.checkstyle.checks.sizes.LineLengthCheck"/>
<error line="63" severity="error" message="Line is longer than 80 characters (found 104)." source="com.puppycrawl.tools.checkstyle.checks.sizes.LineLengthCheck"/>
<error line="66" severity="error" message="Line is longer than 80 characters (found 95)." source="com.puppycrawl.tools.checkstyle.checks.sizes.LineLengthCheck"/>
<error line="67" severity="error" message="Line is longer than 80 characters (found 119)." source="com.puppycrawl.tools.checkstyle.checks.sizes.LineLengthCheck"/>
</file>
<file name="C:\Users\varak\Documents\Homework\University\Year 1\CSC207\tanashi2\hw5-git-activity-phase1\homework-5\src\main\java\app\MainWithInMemory.java">
<error line="22" column="1" severity="error" message="Utility classes should not have a public or default constructor." source="com.puppycrawl.tools.checkstyle.checks.design.HideUtilityClassConstructorCheck"/>
<error line="25" severity="error" message="Line is longer than 80 characters (found 101)." source="com.puppycrawl.tools.checkstyle.checks.sizes.LineLengthCheck"/>
<error line="28" column="29" severity="error" message="Parameter args should be final." source="com.puppycrawl.tools.checkstyle.checks.FinalParametersCheck"/>
<error line="46" severity="error" message="Line is longer than 80 characters (found 88)." source="com.puppycrawl.tools.checkstyle.checks.sizes.LineLengthCheck"/>
<error line="47" severity="error" message="Line is longer than 80 characters (found 87)." source="com.puppycrawl.tools.checkstyle.checks.sizes.LineLengthCheck"/>
<error line="55" severity="error" message="Line is longer than 80 characters (found 101)." source="com.puppycrawl.tools.checkstyle.checks.sizes.LineLengthCheck"/>
<error line="57" severity="error" message="Line is longer than 80 characters (found 99)." source="com.puppycrawl.tools.checkstyle.checks.sizes.LineLengthCheck"/>
<error line="58" severity="error" message="Line is longer than 80 characters (found 105)." source="com.puppycrawl.tools.checkstyle.checks.sizes.LineLengthCheck"/>
<error line="61" severity="error" message="Line is longer than 80 characters (found 96)." source="com.puppycrawl.tools.checkstyle.checks.sizes.LineLengthCheck"/>
<error line="62" severity="error" message="Line is longer than 80 characters (found 104)." source="com.puppycrawl.tools.checkstyle.checks.sizes.LineLengthCheck"/>
<error line="65" severity="error" message="Line is longer than 80 characters (found 95)." source="com.puppycrawl.tools.checkstyle.checks.sizes.LineLengthCheck"/>
<error line="66" severity="error" message="Line is longer than 80 characters (found 119)." source="com.puppycrawl.tools.checkstyle.checks.sizes.LineLengthCheck"/>
</file>
<file name="C:\Users\varak\Documents\Homework\University\Year 1\CSC207\tanashi2\hw5-git-activity-phase1\homework-5\src\main\java\app\SignupUseCaseFactory.java">
<error line="28" severity="error" message="Line is longer than 80 characters (found 81)." source="com.puppycrawl.tools.checkstyle.checks.sizes.LineLengthCheck"/>
<error line="31" severity="error" message="Line is longer than 80 characters (found 98)." source="com.puppycrawl.tools.checkstyle.checks.sizes.LineLengthCheck"/>
<error line="35" column="13" severity="error" message="Parameter viewManagerModel should be final." source="com.puppycrawl.tools.checkstyle.checks.FinalParametersCheck"/>
<error line="35" column="48" severity="error" message="Parameter loginViewModel should be final." source="com.puppycrawl.tools.checkstyle.checks.FinalParametersCheck"/>
<error line="36" severity="error" message="Line is longer than 80 characters (found 98)." source="com.puppycrawl.tools.checkstyle.checks.sizes.LineLengthCheck"/>
<error line="36" column="13" severity="error" message="Parameter signupViewModel should be final." source="com.puppycrawl.tools.checkstyle.checks.FinalParametersCheck"/>
<error line="36" column="46" severity="error" message="Parameter userDataAccessObject should be final." source="com.puppycrawl.tools.checkstyle.checks.FinalParametersCheck"/>
<error line="38" severity="error" message="Line is longer than 80 characters (found 108)." source="com.puppycrawl.tools.checkstyle.checks.sizes.LineLengthCheck"/>
<error line="39" severity="error" message="Line is longer than 80 characters (found 112)." source="com.puppycrawl.tools.checkstyle.checks.sizes.LineLengthCheck"/>
<error line="44" severity="error" message="Line is longer than 80 characters (found 94)." source="com.puppycrawl.tools.checkstyle.checks.sizes.LineLengthCheck"/>
<error line="44" column="61" severity="error" message="Parameter viewManagerModel should be final." source="com.puppycrawl.tools.checkstyle.checks.FinalParametersCheck"/>
<error line="45" severity="error" message="Line is longer than 80 characters (found 92)." source="com.puppycrawl.tools.checkstyle.checks.sizes.LineLengthCheck"/>
<error line="45" column="61" severity="error" message="Parameter signupViewModel should be final." source="com.puppycrawl.tools.checkstyle.checks.FinalParametersCheck"/>
<error line="46" severity="error" message="Line is longer than 80 characters (found 90)." source="com.puppycrawl.tools.checkstyle.checks.sizes.LineLengthCheck"/>
<error line="46" column="61" severity="error" message="Parameter loginViewModel should be final." source="com.puppycrawl.tools.checkstyle.checks.FinalParametersCheck"/>
<error line="47" severity="error" message="Line is longer than 80 characters (found 113)." source="com.puppycrawl.tools.checkstyle.checks.sizes.LineLengthCheck"/>
<error line="47" column="61" severity="error" message="Parameter userDataAccessObject should be final." source="com.puppycrawl.tools.checkstyle.checks.FinalParametersCheck"/>
<error line="50" severity="error" message="Line is longer than 80 characters (found 95)." source="com.puppycrawl.tools.checkstyle.checks.sizes.LineLengthCheck"/>
<error line="51" severity="error" message="Line is longer than 80 characters (found 111)." source="com.puppycrawl.tools.checkstyle.checks.sizes.LineLengthCheck"/>
</file>
<file name="C:\Users\varak\Documents\Homework\University\Year 1\CSC207\tanashi2\hw5-git-activity-phase1\homework-5\src\main\java\data_access\DBUserDataAccessObject.java">
<error line="1" severity="error" message="Missing package-info.java file." source="com.puppycrawl.tools.checkstyle.checks.javadoc.JavadocPackageCheck"/>
<error line="1" column="9" severity="error" message="Name &apos;data_access&apos; must match pattern &apos;^[a-z]+(\.[a-zA-Z_][a-zA-Z0-9_]*)*$&apos;." source="com.puppycrawl.tools.checkstyle.checks.naming.PackageNameCheck"/>
<error line="24" severity="error" message="Line is longer than 80 characters (found 86)." source="com.puppycrawl.tools.checkstyle.checks.sizes.LineLengthCheck"/>
<error line="25" column="5" severity="error" message="Missing a Javadoc comment." source="com.puppycrawl.tools.checkstyle.checks.javadoc.JavadocVariableCheck"/>
<error line="26" column="5" severity="error" message="Missing a Javadoc comment." source="com.puppycrawl.tools.checkstyle.checks.javadoc.JavadocVariableCheck"/>
<error line="27" column="5" severity="error" message="Missing a Javadoc comment." source="com.puppycrawl.tools.checkstyle.checks.javadoc.JavadocVariableCheck"/>
<error line="28" column="5" severity="error" message="Missing a Javadoc comment." source="com.puppycrawl.tools.checkstyle.checks.javadoc.JavadocVariableCheck"/>
<error line="29" column="5" severity="error" message="Missing a Javadoc comment." source="com.puppycrawl.tools.checkstyle.checks.javadoc.JavadocVariableCheck"/>
<error line="30" column="5" severity="error" message="Missing a Javadoc comment." source="com.puppycrawl.tools.checkstyle.checks.javadoc.JavadocVariableCheck"/>
<error line="31" column="5" severity="error" message="Missing a Javadoc comment." source="com.puppycrawl.tools.checkstyle.checks.javadoc.JavadocVariableCheck"/>
<error line="32" column="5" severity="error" message="Missing a Javadoc comment." source="com.puppycrawl.tools.checkstyle.checks.javadoc.JavadocVariableCheck"/>
<error line="34" column="5" severity="error" message="Missing a Javadoc comment." source="com.puppycrawl.tools.checkstyle.checks.javadoc.MissingJavadocMethodCheck"/>
<error line="34" column="35" severity="error" message="Parameter userFactory should be final." source="com.puppycrawl.tools.checkstyle.checks.FinalParametersCheck"/>
<error line="34" column="47" severity="error" message="&apos;userFactory&apos; hides a field." source="com.puppycrawl.tools.checkstyle.checks.coding.HiddenFieldCheck"/>
<error line="36" severity="error" message="Line is longer than 80 characters (found 108)." source="com.puppycrawl.tools.checkstyle.checks.sizes.LineLengthCheck"/>
<error line="39" column="5" severity="error" message="Class &apos;DBUserDataAccessObject&apos; looks like designed for extension (can be subclassed), but the method &apos;get&apos; does not have javadoc that explains how to do that safely. If class is not designed for extension consider making the class &apos;DBUserDataAccessObject&apos; final or making the method &apos;get&apos; static/final/abstract/empty, or adding allowed annotation for the method." source="com.puppycrawl.tools.checkstyle.checks.design.DesignForExtensionCheck"/>
<error line="40" column="21" severity="error" message="Parameter username should be final." source="com.puppycrawl.tools.checkstyle.checks.FinalParametersCheck"/>
<error line="44" severity="error" message="Line is longer than 80 characters (found 105)." source="com.puppycrawl.tools.checkstyle.checks.sizes.LineLengthCheck"/>
<error line="50" severity="error" message="Line is longer than 80 characters (found 85)." source="com.puppycrawl.tools.checkstyle.checks.sizes.LineLengthCheck"/>
<error line="53" severity="error" message="Line is longer than 80 characters (found 85)." source="com.puppycrawl.tools.checkstyle.checks.sizes.LineLengthCheck"/>
<error line="58" column="13" severity="error" message="&apos;}&apos; at column 13 should be on the same line as the next part of a multi-block statement (one that directly contains multiple blocks: if/else-if/else, do/while or try/catch/finally)." source="com.puppycrawl.tools.checkstyle.checks.blocks.RightCurlyCheck"/>
<error line="62" column="9" severity="error" message="&apos;}&apos; at column 9 should be on the same line as the next part of a multi-block statement (one that directly contains multiple blocks: if/else-if/else, do/while or try/catch/finally)." source="com.puppycrawl.tools.checkstyle.checks.blocks.RightCurlyCheck"/>
<error line="68" column="5" severity="error" message="Class &apos;DBUserDataAccessObject&apos; looks like designed for extension (can be subclassed), but the method &apos;existsByName&apos; does not have javadoc that explains how to do that safely. If class is not designed for extension consider making the class &apos;DBUserDataAccessObject&apos; final or making the method &apos;existsByName&apos; static/final/abstract/empty, or adding allowed annotation for the method." source="com.puppycrawl.tools.checkstyle.checks.design.DesignForExtensionCheck"/>
<error line="69" column="33" severity="error" message="Parameter username should be final." source="com.puppycrawl.tools.checkstyle.checks.FinalParametersCheck"/>
<error line="73" severity="error" message="Line is longer than 80 characters (found 118)." source="com.puppycrawl.tools.checkstyle.checks.sizes.LineLengthCheck"/>
<error line="79" severity="error" message="Line is longer than 80 characters (found 85)." source="com.puppycrawl.tools.checkstyle.checks.sizes.LineLengthCheck"/>
<error line="81" severity="error" message="Line is longer than 80 characters (found 92)." source="com.puppycrawl.tools.checkstyle.checks.sizes.LineLengthCheck"/>
<error line="83" column="9" severity="error" message="&apos;}&apos; at column 9 should be on the same line as the next part of a multi-block statement (one that directly contains multiple blocks: if/else-if/else, do/while or try/catch/finally)." source="com.puppycrawl.tools.checkstyle.checks.blocks.RightCurlyCheck"/>
<error line="89" column="5" severity="error" message="Class &apos;DBUserDataAccessObject&apos; looks like designed for extension (can be subclassed), but the method &apos;save&apos; does not have javadoc that explains how to do that safely. If class is not designed for extension consider making the class &apos;DBUserDataAccessObject&apos; final or making the method &apos;save&apos; static/final/abstract/empty, or adding allowed annotation for the method." source="com.puppycrawl.tools.checkstyle.checks.design.DesignForExtensionCheck"/>
<error line="90" column="22" severity="error" message="Parameter user should be final." source="com.puppycrawl.tools.checkstyle.checks.FinalParametersCheck"/>
<error line="99" severity="error" message="Line is longer than 80 characters (found 87)." source="com.puppycrawl.tools.checkstyle.checks.sizes.LineLengthCheck"/>
<error line="108" severity="error" message="Line is longer than 80 characters (found 85)." source="com.puppycrawl.tools.checkstyle.checks.sizes.LineLengthCheck"/>
<error line="110" column="73" severity="error" message="Must have at least one statement." source="com.puppycrawl.tools.checkstyle.checks.blocks.EmptyBlockCheck"/>
<error line="112" column="13" severity="error" message="&apos;}&apos; at column 13 should be on the same line as the next part of a multi-block statement (one that directly contains multiple blocks: if/else-if/else, do/while or try/catch/finally)." source="com.puppycrawl.tools.checkstyle.checks.blocks.RightCurlyCheck"/>
<error line="116" column="9" severity="error" message="&apos;}&apos; at column 9 should be on the same line as the next part of a multi-block statement (one that directly contains multiple blocks: if/else-if/else, do/while or try/catch/finally)." source="com.puppycrawl.tools.checkstyle.checks.blocks.RightCurlyCheck"/>
<error line="122" column="5" severity="error" message="Class &apos;DBUserDataAccessObject&apos; looks like designed for extension (can be subclassed), but the method &apos;changePassword&apos; does not have javadoc that explains how to do that safely. If class is not designed for extension consider making the class &apos;DBUserDataAccessObject&apos; final or making the method &apos;changePassword&apos; static/final/abstract/empty, or adding allowed annotation for the method." source="com.puppycrawl.tools.checkstyle.checks.design.DesignForExtensionCheck"/>
<error line="123" column="32" severity="error" message="Parameter user should be final." source="com.puppycrawl.tools.checkstyle.checks.FinalParametersCheck"/>
<error line="132" severity="error" message="Line is longer than 80 characters (found 87)." source="com.puppycrawl.tools.checkstyle.checks.sizes.LineLengthCheck"/>
<error line="134" severity="error" message="Line is longer than 80 characters (found 88)." source="com.puppycrawl.tools.checkstyle.checks.sizes.LineLengthCheck"/>
<error line="136" severity="error" message="Line is longer than 80 characters (found 85)." source="com.puppycrawl.tools.checkstyle.checks.sizes.LineLengthCheck"/>
<error line="141" severity="error" message="Line is longer than 80 characters (found 85)." source="com.puppycrawl.tools.checkstyle.checks.sizes.LineLengthCheck"/>
<error line="143" column="73" severity="error" message="Must have at least one statement." source="com.puppycrawl.tools.checkstyle.checks.blocks.EmptyBlockCheck"/>
<error line="145" column="13" severity="error" message="&apos;}&apos; at column 13 should be on the same line as the next part of a multi-block statement (one that directly contains multiple blocks: if/else-if/else, do/while or try/catch/finally)." source="com.puppycrawl.tools.checkstyle.checks.blocks.RightCurlyCheck"/>
<error line="149" column="9" severity="error" message="&apos;}&apos; at column 9 should be on the same line as the next part of a multi-block statement (one that directly contains multiple blocks: if/else-if/else, do/while or try/catch/finally)." source="com.puppycrawl.tools.checkstyle.checks.blocks.RightCurlyCheck"/>
<error line="156" column="32" severity="error" message="Parameter username should be final." source="com.puppycrawl.tools.checkstyle.checks.FinalParametersCheck"/>
<error line="160" column="5" severity="error" message="Class &apos;DBUserDataAccessObject&apos; looks like designed for extension (can be subclassed), but the method &apos;getCurrentUser&apos; does not have javadoc that explains how to do that safely. If class is not designed for extension consider making the class &apos;DBUserDataAccessObject&apos; final or making the method &apos;getCurrentUser&apos; static/final/abstract/empty, or adding allowed annotation for the method." source="com.puppycrawl.tools.checkstyle.checks.design.DesignForExtensionCheck"/>
</file>
<file name="C:\Users\varak\Documents\Homework\University\Year 1\CSC207\tanashi2\hw5-git-activity-phase1\homework-5\src\main\java\data_access\FileUserDataAccessObject.java">
<error line="1" column="9" severity="error" message="Name &apos;data_access&apos; must match pattern &apos;^[a-z]+(\.[a-zA-Z_][a-zA-Z0-9_]*)*$&apos;." source="com.puppycrawl.tools.checkstyle.checks.naming.PackageNameCheck"/>
<error line="24" severity="error" message="Line is longer than 80 characters (found 88)." source="com.puppycrawl.tools.checkstyle.checks.sizes.LineLengthCheck"/>
<error line="26" column="5" severity="error" message="Missing a Javadoc comment." source="com.puppycrawl.tools.checkstyle.checks.javadoc.JavadocVariableCheck"/>
<error line="28" column="5" severity="error" message="Missing a Javadoc comment." source="com.puppycrawl.tools.checkstyle.checks.javadoc.JavadocVariableCheck"/>
<error line="29" column="5" severity="error" message="Missing a Javadoc comment." source="com.puppycrawl.tools.checkstyle.checks.javadoc.JavadocVariableCheck"/>
<error line="30" column="5" severity="error" message="Missing a Javadoc comment." source="com.puppycrawl.tools.checkstyle.checks.javadoc.JavadocVariableCheck"/>
<error line="32" severity="error" message="Line is longer than 80 characters (found 97)." source="com.puppycrawl.tools.checkstyle.checks.sizes.LineLengthCheck"/>
<error line="32" column="5" severity="error" message="Missing a Javadoc comment." source="com.puppycrawl.tools.checkstyle.checks.javadoc.MissingJavadocMethodCheck"/>
<error line="32" column="37" severity="error" message="Parameter csvPath should be final." source="com.puppycrawl.tools.checkstyle.checks.FinalParametersCheck"/>
<error line="32" column="53" severity="error" message="Parameter userFactory should be final." source="com.puppycrawl.tools.checkstyle.checks.FinalParametersCheck"/>
<error line="40" column="9" severity="error" message="&apos;}&apos; at column 9 should be on the same line as the next part of a multi-block statement (one that directly contains multiple blocks: if/else-if/else, do/while or try/catch/finally)." source="com.puppycrawl.tools.checkstyle.checks.blocks.RightCurlyCheck"/>
<error line="43" severity="error" message="Line is longer than 80 characters (found 87)." source="com.puppycrawl.tools.checkstyle.checks.sizes.LineLengthCheck"/>
<error line="47" severity="error" message="Line is longer than 80 characters (found 117)." source="com.puppycrawl.tools.checkstyle.checks.sizes.LineLengthCheck"/>
<error line="53" severity="error" message="Line is longer than 80 characters (found 89)." source="com.puppycrawl.tools.checkstyle.checks.sizes.LineLengthCheck"/>
<error line="54" severity="error" message="Line is longer than 80 characters (found 89)." source="com.puppycrawl.tools.checkstyle.checks.sizes.LineLengthCheck"/>
<error line="78" column="9" severity="error" message="&apos;}&apos; at column 9 should be on the same line as the next part of a multi-block statement (one that directly contains multiple blocks: if/else-if/else, do/while or try/catch/finally)." source="com.puppycrawl.tools.checkstyle.checks.blocks.RightCurlyCheck"/>
<error line="84" column="5" severity="error" message="Class &apos;FileUserDataAccessObject&apos; looks like designed for extension (can be subclassed), but the method &apos;save&apos; does not have javadoc that explains how to do that safely. If class is not designed for extension consider making the class &apos;FileUserDataAccessObject&apos; final or making the method &apos;save&apos; static/final/abstract/empty, or adding allowed annotation for the method." source="com.puppycrawl.tools.checkstyle.checks.design.DesignForExtensionCheck"/>
<error line="85" column="22" severity="error" message="Parameter user should be final." source="com.puppycrawl.tools.checkstyle.checks.FinalParametersCheck"/>
<error line="90" column="5" severity="error" message="Class &apos;FileUserDataAccessObject&apos; looks like designed for extension (can be subclassed), but the method &apos;get&apos; does not have javadoc that explains how to do that safely. If class is not designed for extension consider making the class &apos;FileUserDataAccessObject&apos; final or making the method &apos;get&apos; static/final/abstract/empty, or adding allowed annotation for the method." source="com.puppycrawl.tools.checkstyle.checks.design.DesignForExtensionCheck"/>
<error line="91" column="21" severity="error" message="Parameter username should be final." source="com.puppycrawl.tools.checkstyle.checks.FinalParametersCheck"/>
<error line="95" column="5" severity="error" message="Class &apos;FileUserDataAccessObject&apos; looks like designed for extension (can be subclassed), but the method &apos;existsByName&apos; does not have javadoc that explains how to do that safely. If class is not designed for extension consider making the class &apos;FileUserDataAccessObject&apos; final or making the method &apos;existsByName&apos; static/final/abstract/empty, or adding allowed annotation for the method." source="com.puppycrawl.tools.checkstyle.checks.design.DesignForExtensionCheck"/>
<error line="96" column="33" severity="error" message="Parameter identifier should be final." source="com.puppycrawl.tools.checkstyle.checks.FinalParametersCheck"/>
<error line="100" column="5" severity="error" message="Class &apos;FileUserDataAccessObject&apos; looks like designed for extension (can be subclassed), but the method &apos;changePassword&apos; does not have javadoc that explains how to do that safely. If class is not designed for extension consider making the class &apos;FileUserDataAccessObject&apos; final or making the method &apos;changePassword&apos; static/final/abstract/empty, or adding allowed annotation for the method." source="com.puppycrawl.tools.checkstyle.checks.design.DesignForExtensionCheck"/>
<error line="101" column="32" severity="error" message="Parameter user should be final." source="com.puppycrawl.tools.checkstyle.checks.FinalParametersCheck"/>
<error line="108" column="32" severity="error" message="Parameter username should be final." source="com.puppycrawl.tools.checkstyle.checks.FinalParametersCheck"/>
<error line="112" column="5" severity="error" message="Class &apos;FileUserDataAccessObject&apos; looks like designed for extension (can be subclassed), but the method &apos;getCurrentUser&apos; does not have javadoc that explains how to do that safely. If class is not designed for extension consider making the class &apos;FileUserDataAccessObject&apos; final or making the method &apos;getCurrentUser&apos; static/final/abstract/empty, or adding allowed annotation for the method." source="com.puppycrawl.tools.checkstyle.checks.design.DesignForExtensionCheck"/>
</file>
<file name="C:\Users\varak\Documents\Homework\University\Year 1\CSC207\tanashi2\hw5-git-activity-phase1\homework-5\src\main\java\data_access\InMemoryUserDataAccessObject.java">
<error line="1" column="9" severity="error" message="Name &apos;data_access&apos; must match pattern &apos;^[a-z]+(\.[a-zA-Z_][a-zA-Z0-9_]*)*$&apos;." source="com.puppycrawl.tools.checkstyle.checks.naming.PackageNameCheck"/>
<error line="12" severity="error" message="Line is longer than 80 characters (found 86)." source="com.puppycrawl.tools.checkstyle.checks.sizes.LineLengthCheck"/>
<error line="15" severity="error" message="Line is longer than 80 characters (found 83)." source="com.puppycrawl.tools.checkstyle.checks.sizes.LineLengthCheck"/>
<error line="16" severity="error" message="Line is longer than 80 characters (found 82)." source="com.puppycrawl.tools.checkstyle.checks.sizes.LineLengthCheck"/>
<error line="17" severity="error" message="Line is longer than 80 characters (found 92)." source="com.puppycrawl.tools.checkstyle.checks.sizes.LineLengthCheck"/>
<error line="19" column="5" severity="error" message="Missing a Javadoc comment." source="com.puppycrawl.tools.checkstyle.checks.javadoc.JavadocVariableCheck"/>
<error line="21" column="5" severity="error" message="Missing a Javadoc comment." source="com.puppycrawl.tools.checkstyle.checks.javadoc.JavadocVariableCheck"/>
<error line="23" column="5" severity="error" message="Class &apos;InMemoryUserDataAccessObject&apos; looks like designed for extension (can be subclassed), but the method &apos;existsByName&apos; does not have javadoc that explains how to do that safely. If class is not designed for extension consider making the class &apos;InMemoryUserDataAccessObject&apos; final or making the method &apos;existsByName&apos; static/final/abstract/empty, or adding allowed annotation for the method." source="com.puppycrawl.tools.checkstyle.checks.design.DesignForExtensionCheck"/>
<error line="24" column="33" severity="error" message="Parameter identifier should be final." source="com.puppycrawl.tools.checkstyle.checks.FinalParametersCheck"/>
<error line="28" column="5" severity="error" message="Class &apos;InMemoryUserDataAccessObject&apos; looks like designed for extension (can be subclassed), but the method &apos;save&apos; does not have javadoc that explains how to do that safely. If class is not designed for extension consider making the class &apos;InMemoryUserDataAccessObject&apos; final or making the method &apos;save&apos; static/final/abstract/empty, or adding allowed annotation for the method." source="com.puppycrawl.tools.checkstyle.checks.design.DesignForExtensionCheck"/>
<error line="29" column="22" severity="error" message="Parameter user should be final." source="com.puppycrawl.tools.checkstyle.checks.FinalParametersCheck"/>
<error line="33" column="5" severity="error" message="Class &apos;InMemoryUserDataAccessObject&apos; looks like designed for extension (can be subclassed), but the method &apos;get&apos; does not have javadoc that explains how to do that safely. If class is not designed for extension consider making the class &apos;InMemoryUserDataAccessObject&apos; final or making the method &apos;get&apos; static/final/abstract/empty, or adding allowed annotation for the method." source="com.puppycrawl.tools.checkstyle.checks.design.DesignForExtensionCheck"/>
<error line="34" column="21" severity="error" message="Parameter username should be final." source="com.puppycrawl.tools.checkstyle.checks.FinalParametersCheck"/>
<error line="38" column="5" severity="error" message="Class &apos;InMemoryUserDataAccessObject&apos; looks like designed for extension (can be subclassed), but the method &apos;changePassword&apos; does not have javadoc that explains how to do that safely. If class is not designed for extension consider making the class &apos;InMemoryUserDataAccessObject&apos; final or making the method &apos;changePassword&apos; static/final/abstract/empty, or adding allowed annotation for the method." source="com.puppycrawl.tools.checkstyle.checks.design.DesignForExtensionCheck"/>
<error line="39" column="32" severity="error" message="Parameter user should be final." source="com.puppycrawl.tools.checkstyle.checks.FinalParametersCheck"/>
<error line="44" column="5" severity="error" message="Class &apos;InMemoryUserDataAccessObject&apos; looks like designed for extension (can be subclassed), but the method &apos;setCurrentUser&apos; does not have javadoc that explains how to do that safely. If class is not designed for extension consider making the class &apos;InMemoryUserDataAccessObject&apos; final or making the method &apos;setCurrentUser&apos; static/final/abstract/empty, or adding allowed annotation for the method." source="com.puppycrawl.tools.checkstyle.checks.design.DesignForExtensionCheck"/>
<error line="45" column="32" severity="error" message="Parameter username should be final." source="com.puppycrawl.tools.checkstyle.checks.FinalParametersCheck"/>
<error line="49" column="5" severity="error" message="Class &apos;InMemoryUserDataAccessObject&apos; looks like designed for extension (can be subclassed), but the method &apos;getCurrentUser&apos; does not have javadoc that explains how to do that safely. If class is not designed for extension consider making the class &apos;InMemoryUserDataAccessObject&apos; final or making the method &apos;getCurrentUser&apos; static/final/abstract/empty, or adding allowed annotation for the method." source="com.puppycrawl.tools.checkstyle.checks.design.DesignForExtensionCheck"/>
</file>
<file name="C:\Users\varak\Documents\Homework\University\Year 1\CSC207\tanashi2\hw5-git-activity-phase1\homework-5\src\main\java\entity\CommonUser.java">
<error line="1" severity="error" message="Missing package-info.java file." source="com.puppycrawl.tools.checkstyle.checks.javadoc.JavadocPackageCheck"/>
<error line="8" column="5" severity="error" message="Missing a Javadoc comment." source="com.puppycrawl.tools.checkstyle.checks.javadoc.JavadocVariableCheck"/>
<error line="9" column="5" severity="error" message="Missing a Javadoc comment." source="com.puppycrawl.tools.checkstyle.checks.javadoc.JavadocVariableCheck"/>
<error line="11" column="5" severity="error" message="Missing a Javadoc comment." source="com.puppycrawl.tools.checkstyle.checks.javadoc.MissingJavadocMethodCheck"/>
<error line="11" column="23" severity="error" message="Parameter name should be final." source="com.puppycrawl.tools.checkstyle.checks.FinalParametersCheck"/>
<error line="11" column="30" severity="error" message="&apos;name&apos; hides a field." source="com.puppycrawl.tools.checkstyle.checks.coding.HiddenFieldCheck"/>
<error line="11" column="36" severity="error" message="Parameter password should be final." source="com.puppycrawl.tools.checkstyle.checks.FinalParametersCheck"/>
<error line="11" column="43" severity="error" message="&apos;password&apos; hides a field." source="com.puppycrawl.tools.checkstyle.checks.coding.HiddenFieldCheck"/>
<error line="16" column="5" severity="error" message="Class &apos;CommonUser&apos; looks like designed for extension (can be subclassed), but the method &apos;getName&apos; does not have javadoc that explains how to do that safely. If class is not designed for extension consider making the class &apos;CommonUser&apos; final or making the method &apos;getName&apos; static/final/abstract/empty, or adding allowed annotation for the method." source="com.puppycrawl.tools.checkstyle.checks.design.DesignForExtensionCheck"/>
<error line="21" column="5" severity="error" message="Class &apos;CommonUser&apos; looks like designed for extension (can be subclassed), but the method &apos;getPassword&apos; does not have javadoc that explains how to do that safely. If class is not designed for extension consider making the class &apos;CommonUser&apos; final or making the method &apos;getPassword&apos; static/final/abstract/empty, or adding allowed annotation for the method." source="com.puppycrawl.tools.checkstyle.checks.design.DesignForExtensionCheck"/>
</file>
<file name="C:\Users\varak\Documents\Homework\University\Year 1\CSC207\tanashi2\hw5-git-activity-phase1\homework-5\src\main\java\entity\CommonUserFactory.java">
<error line="8" column="5" severity="error" message="Class &apos;CommonUserFactory&apos; looks like designed for extension (can be subclassed), but the method &apos;create&apos; does not have javadoc that explains how to do that safely. If class is not designed for extension consider making the class &apos;CommonUserFactory&apos; final or making the method &apos;create&apos; static/final/abstract/empty, or adding allowed annotation for the method." source="com.puppycrawl.tools.checkstyle.checks.design.DesignForExtensionCheck"/>
<error line="9" column="24" severity="error" message="Parameter name should be final." source="com.puppycrawl.tools.checkstyle.checks.FinalParametersCheck"/>
<error line="9" column="37" severity="error" message="Parameter password should be final." source="com.puppycrawl.tools.checkstyle.checks.FinalParametersCheck"/>
</file>
<file name="C:\Users\varak\Documents\Homework\University\Year 1\CSC207\tanashi2\hw5-git-activity-phase1\homework-5\src\main\java\entity\User.java">
</file>
<file name="C:\Users\varak\Documents\Homework\University\Year 1\CSC207\tanashi2\hw5-git-activity-phase1\homework-5\src\main\java\entity\UserFactory.java">
</file>
<file name="C:\Users\varak\Documents\Homework\University\Year 1\CSC207\tanashi2\hw5-git-activity-phase1\homework-5\src\main\java\interface_adapter\logged_in\ChangePasswordController.java">
<error line="1" severity="error" message="Missing package-info.java file." source="com.puppycrawl.tools.checkstyle.checks.javadoc.JavadocPackageCheck"/>
<error line="1" column="9" severity="error" message="Name &apos;interface_adapter.logged_in&apos; must match pattern &apos;^[a-z]+(\.[a-zA-Z_][a-zA-Z0-9_]*)*$&apos;." source="com.puppycrawl.tools.checkstyle.checks.naming.PackageNameCheck"/>
<error line="10" severity="error" message="Line is longer than 80 characters (found 82)." source="com.puppycrawl.tools.checkstyle.checks.sizes.LineLengthCheck"/>
<error line="10" column="5" severity="error" message="Missing a Javadoc comment." source="com.puppycrawl.tools.checkstyle.checks.javadoc.JavadocVariableCheck"/>
<error line="12" severity="error" message="Line is longer than 80 characters (found 102)." source="com.puppycrawl.tools.checkstyle.checks.sizes.LineLengthCheck"/>
<error line="12" column="5" severity="error" message="Missing a Javadoc comment." source="com.puppycrawl.tools.checkstyle.checks.javadoc.MissingJavadocMethodCheck"/>
<error line="12" column="37" severity="error" message="Parameter userChangePasswordUseCaseInteractor should be final." source="com.puppycrawl.tools.checkstyle.checks.FinalParametersCheck"/>
<error line="12" column="65" severity="error" message="&apos;userChangePasswordUseCaseInteractor&apos; hides a field." source="com.puppycrawl.tools.checkstyle.checks.coding.HiddenFieldCheck"/>
<error line="13" severity="error" message="Line is longer than 80 characters (found 87)." source="com.puppycrawl.tools.checkstyle.checks.sizes.LineLengthCheck"/>
<error line="21" column="25" severity="error" message="Parameter password should be final." source="com.puppycrawl.tools.checkstyle.checks.FinalParametersCheck"/>
<error line="21" column="42" severity="error" message="Parameter username should be final." source="com.puppycrawl.tools.checkstyle.checks.FinalParametersCheck"/>
<error line="22" severity="error" message="Line is longer than 80 characters (found 112)." source="com.puppycrawl.tools.checkstyle.checks.sizes.LineLengthCheck"/>
</file>
<file name="C:\Users\varak\Documents\Homework\University\Year 1\CSC207\tanashi2\hw5-git-activity-phase1\homework-5\src\main\java\interface_adapter\logged_in\LoggedInPresenter.java">
<error line="1" column="9" severity="error" message="Name &apos;interface_adapter.logged_in&apos; must match pattern &apos;^[a-z]+(\.[a-zA-Z_][a-zA-Z0-9_]*)*$&apos;." source="com.puppycrawl.tools.checkstyle.checks.naming.PackageNameCheck"/>
<error line="12" column="5" severity="error" message="Missing a Javadoc comment." source="com.puppycrawl.tools.checkstyle.checks.javadoc.JavadocVariableCheck"/>
<error line="13" column="5" severity="error" message="Missing a Javadoc comment." source="com.puppycrawl.tools.checkstyle.checks.javadoc.JavadocVariableCheck"/>
<error line="15" column="5" severity="error" message="Missing a Javadoc comment." source="com.puppycrawl.tools.checkstyle.checks.javadoc.MissingJavadocMethodCheck"/>
<error line="15" column="30" severity="error" message="Parameter viewManagerModel should be final." source="com.puppycrawl.tools.checkstyle.checks.FinalParametersCheck"/>
<error line="15" column="47" severity="error" message="&apos;viewManagerModel&apos; hides a field." source="com.puppycrawl.tools.checkstyle.checks.coding.HiddenFieldCheck"/>
<error line="16" column="30" severity="error" message="Parameter loggedInViewModel should be final." source="com.puppycrawl.tools.checkstyle.checks.FinalParametersCheck"/>
<error line="16" column="48" severity="error" message="&apos;loggedInViewModel&apos; hides a field." source="com.puppycrawl.tools.checkstyle.checks.coding.HiddenFieldCheck"/>
<error line="21" column="5" severity="error" message="Class &apos;LoggedInPresenter&apos; looks like designed for extension (can be subclassed), but the method &apos;prepareSuccessView&apos; does not have javadoc that explains how to do that safely. If class is not designed for extension consider making the class &apos;LoggedInPresenter&apos; final or making the method &apos;prepareSuccessView&apos; static/final/abstract/empty, or adding allowed annotation for the method." source="com.puppycrawl.tools.checkstyle.checks.design.DesignForExtensionCheck"/>
<error line="22" column="36" severity="error" message="Parameter outputData should be final." source="com.puppycrawl.tools.checkstyle.checks.FinalParametersCheck"/>
<error line="29" column="33" severity="error" message="Parameter error should be final." source="com.puppycrawl.tools.checkstyle.checks.FinalParametersCheck"/>
</file>
<file name="C:\Users\varak\Documents\Homework\University\Year 1\CSC207\tanashi2\hw5-git-activity-phase1\homework-5\src\main\java\interface_adapter\logged_in\LoggedInState.java">
<error line="1" column="9" severity="error" message="Name &apos;interface_adapter.logged_in&apos; must match pattern &apos;^[a-z]+(\.[a-zA-Z_][a-zA-Z0-9_]*)*$&apos;." source="com.puppycrawl.tools.checkstyle.checks.naming.PackageNameCheck"/>
<error line="7" column="5" severity="error" message="Missing a Javadoc comment." source="com.puppycrawl.tools.checkstyle.checks.javadoc.JavadocVariableCheck"/>
<error line="9" column="5" severity="error" message="Missing a Javadoc comment." source="com.puppycrawl.tools.checkstyle.checks.javadoc.JavadocVariableCheck"/>
<error line="10" column="5" severity="error" message="Missing a Javadoc comment." source="com.puppycrawl.tools.checkstyle.checks.javadoc.JavadocVariableCheck"/>
<error line="12" column="5" severity="error" message="Missing a Javadoc comment." source="com.puppycrawl.tools.checkstyle.checks.javadoc.MissingJavadocMethodCheck"/>
<error line="12" column="26" severity="error" message="Parameter copy should be final." source="com.puppycrawl.tools.checkstyle.checks.FinalParametersCheck"/>
<error line="18" severity="error" message="Line is longer than 80 characters (found 90)." source="com.puppycrawl.tools.checkstyle.checks.sizes.LineLengthCheck"/>
<error line="19" column="5" severity="error" message="Missing a Javadoc comment." source="com.puppycrawl.tools.checkstyle.checks.javadoc.MissingJavadocMethodCheck"/>
<error line="23" column="5" severity="error" message="Class &apos;LoggedInState&apos; looks like designed for extension (can be subclassed), but the method &apos;getUsername&apos; does not have javadoc that explains how to do that safely. If class is not designed for extension consider making the class &apos;LoggedInState&apos; final or making the method &apos;getUsername&apos; static/final/abstract/empty, or adding allowed annotation for the method." source="com.puppycrawl.tools.checkstyle.checks.design.DesignForExtensionCheck"/>
<error line="23" column="5" severity="error" message="Missing a Javadoc comment." source="com.puppycrawl.tools.checkstyle.checks.javadoc.MissingJavadocMethodCheck"/>
<error line="27" column="5" severity="error" message="Class &apos;LoggedInState&apos; looks like designed for extension (can be subclassed), but the method &apos;setUsername&apos; does not have javadoc that explains how to do that safely. If class is not designed for extension consider making the class &apos;LoggedInState&apos; final or making the method &apos;setUsername&apos; static/final/abstract/empty, or adding allowed annotation for the method." source="com.puppycrawl.tools.checkstyle.checks.design.DesignForExtensionCheck"/>
<error line="27" column="5" severity="error" message="Missing a Javadoc comment." source="com.puppycrawl.tools.checkstyle.checks.javadoc.MissingJavadocMethodCheck"/>
<error line="27" column="29" severity="error" message="Parameter username should be final." source="com.puppycrawl.tools.checkstyle.checks.FinalParametersCheck"/>
<error line="27" column="36" severity="error" message="&apos;username&apos; hides a field." source="com.puppycrawl.tools.checkstyle.checks.coding.HiddenFieldCheck"/>
<error line="31" column="5" severity="error" message="Class &apos;LoggedInState&apos; looks like designed for extension (can be subclassed), but the method &apos;setPassword&apos; does not have javadoc that explains how to do that safely. If class is not designed for extension consider making the class &apos;LoggedInState&apos; final or making the method &apos;setPassword&apos; static/final/abstract/empty, or adding allowed annotation for the method." source="com.puppycrawl.tools.checkstyle.checks.design.DesignForExtensionCheck"/>
<error line="31" column="5" severity="error" message="Missing a Javadoc comment." source="com.puppycrawl.tools.checkstyle.checks.javadoc.MissingJavadocMethodCheck"/>
<error line="31" column="29" severity="error" message="Parameter password should be final." source="com.puppycrawl.tools.checkstyle.checks.FinalParametersCheck"/>
<error line="31" column="36" severity="error" message="&apos;password&apos; hides a field." source="com.puppycrawl.tools.checkstyle.checks.coding.HiddenFieldCheck"/>
<error line="35" column="5" severity="error" message="Class &apos;LoggedInState&apos; looks like designed for extension (can be subclassed), but the method &apos;setPasswordError&apos; does not have javadoc that explains how to do that safely. If class is not designed for extension consider making the class &apos;LoggedInState&apos; final or making the method &apos;setPasswordError&apos; static/final/abstract/empty, or adding allowed annotation for the method." source="com.puppycrawl.tools.checkstyle.checks.design.DesignForExtensionCheck"/>
<error line="35" column="5" severity="error" message="Missing a Javadoc comment." source="com.puppycrawl.tools.checkstyle.checks.javadoc.MissingJavadocMethodCheck"/>
<error line="35" column="34" severity="error" message="Parameter passwordError should be final." source="com.puppycrawl.tools.checkstyle.checks.FinalParametersCheck"/>
<error line="35" column="41" severity="error" message="&apos;passwordError&apos; hides a field." source="com.puppycrawl.tools.checkstyle.checks.coding.HiddenFieldCheck"/>
<error line="39" column="5" severity="error" message="Class &apos;LoggedInState&apos; looks like designed for extension (can be subclassed), but the method &apos;getPassword&apos; does not have javadoc that explains how to do that safely. If class is not designed for extension consider making the class &apos;LoggedInState&apos; final or making the method &apos;getPassword&apos; static/final/abstract/empty, or adding allowed annotation for the method." source="com.puppycrawl.tools.checkstyle.checks.design.DesignForExtensionCheck"/>
<error line="39" column="5" severity="error" message="Missing a Javadoc comment." source="com.puppycrawl.tools.checkstyle.checks.javadoc.MissingJavadocMethodCheck"/>
</file>
<file name="C:\Users\varak\Documents\Homework\University\Year 1\CSC207\tanashi2\hw5-git-activity-phase1\homework-5\src\main\java\interface_adapter\logged_in\LoggedInViewModel.java">
<error line="1" column="9" severity="error" message="Name &apos;interface_adapter.logged_in&apos; must match pattern &apos;^[a-z]+(\.[a-zA-Z_][a-zA-Z0-9_]*)*$&apos;." source="com.puppycrawl.tools.checkstyle.checks.naming.PackageNameCheck"/>
<error line="10" column="5" severity="error" message="Missing a Javadoc comment." source="com.puppycrawl.tools.checkstyle.checks.javadoc.MissingJavadocMethodCheck"/>
</file>
<file name="C:\Users\varak\Documents\Homework\University\Year 1\CSC207\tanashi2\hw5-git-activity-phase1\homework-5\src\main\java\interface_adapter\login\LoginController.java">
<error line="1" severity="error" message="Missing package-info.java file." source="com.puppycrawl.tools.checkstyle.checks.javadoc.JavadocPackageCheck"/>
<error line="1" column="9" severity="error" message="Name &apos;interface_adapter.login&apos; must match pattern &apos;^[a-z]+(\.[a-zA-Z_][a-zA-Z0-9_]*)*$&apos;." source="com.puppycrawl.tools.checkstyle.checks.naming.PackageNameCheck"/>
<error line="11" column="5" severity="error" message="Missing a Javadoc comment." source="com.puppycrawl.tools.checkstyle.checks.javadoc.JavadocVariableCheck"/>
<error line="13" column="5" severity="error" message="Missing a Javadoc comment." source="com.puppycrawl.tools.checkstyle.checks.javadoc.MissingJavadocMethodCheck"/>
<error line="13" column="28" severity="error" message="Parameter loginUseCaseInteractor should be final." source="com.puppycrawl.tools.checkstyle.checks.FinalParametersCheck"/>
<error line="13" column="47" severity="error" message="&apos;loginUseCaseInteractor&apos; hides a field." source="com.puppycrawl.tools.checkstyle.checks.coding.HiddenFieldCheck"/>
<error line="22" column="25" severity="error" message="Parameter username should be final." source="com.puppycrawl.tools.checkstyle.checks.FinalParametersCheck"/>
<error line="22" column="42" severity="error" message="Parameter password should be final." source="com.puppycrawl.tools.checkstyle.checks.FinalParametersCheck"/>
</file>
<file name="C:\Users\varak\Documents\Homework\University\Year 1\CSC207\tanashi2\hw5-git-activity-phase1\homework-5\src\main\java\interface_adapter\login\LoginPresenter.java">
<error line="1" column="9" severity="error" message="Name &apos;interface_adapter.login&apos; must match pattern &apos;^[a-z]+(\.[a-zA-Z_][a-zA-Z0-9_]*)*$&apos;." source="com.puppycrawl.tools.checkstyle.checks.naming.PackageNameCheck"/>
<error line="14" column="5" severity="error" message="Missing a Javadoc comment." source="com.puppycrawl.tools.checkstyle.checks.javadoc.JavadocVariableCheck"/>
<error line="15" column="5" severity="error" message="Missing a Javadoc comment." source="com.puppycrawl.tools.checkstyle.checks.javadoc.JavadocVariableCheck"/>
<error line="16" column="5" severity="error" message="Missing a Javadoc comment." source="com.puppycrawl.tools.checkstyle.checks.javadoc.JavadocVariableCheck"/>
<error line="18" column="5" severity="error" message="Missing a Javadoc comment." source="com.puppycrawl.tools.checkstyle.checks.javadoc.MissingJavadocMethodCheck"/>
<error line="18" column="27" severity="error" message="Parameter viewManagerModel should be final." source="com.puppycrawl.tools.checkstyle.checks.FinalParametersCheck"/>
<error line="18" column="44" severity="error" message="&apos;viewManagerModel&apos; hides a field." source="com.puppycrawl.tools.checkstyle.checks.coding.HiddenFieldCheck"/>
<error line="19" column="27" severity="error" message="Parameter loggedInViewModel should be final." source="com.puppycrawl.tools.checkstyle.checks.FinalParametersCheck"/>
<error line="19" column="45" severity="error" message="&apos;loggedInViewModel&apos; hides a field." source="com.puppycrawl.tools.checkstyle.checks.coding.HiddenFieldCheck"/>
<error line="20" column="27" severity="error" message="Parameter loginViewModel should be final." source="com.puppycrawl.tools.checkstyle.checks.FinalParametersCheck"/>
<error line="20" column="42" severity="error" message="&apos;loginViewModel&apos; hides a field." source="com.puppycrawl.tools.checkstyle.checks.coding.HiddenFieldCheck"/>
<error line="26" column="5" severity="error" message="Class &apos;LoginPresenter&apos; looks like designed for extension (can be subclassed), but the method &apos;prepareSuccessView&apos; does not have javadoc that explains how to do that safely. If class is not designed for extension consider making the class &apos;LoginPresenter&apos; final or making the method &apos;prepareSuccessView&apos; static/final/abstract/empty, or adding allowed annotation for the method." source="com.puppycrawl.tools.checkstyle.checks.design.DesignForExtensionCheck"/>
<error line="27" column="36" severity="error" message="Parameter response should be final." source="com.puppycrawl.tools.checkstyle.checks.FinalParametersCheck"/>
<error line="39" column="5" severity="error" message="Class &apos;LoginPresenter&apos; looks like designed for extension (can be subclassed), but the method &apos;prepareFailView&apos; does not have javadoc that explains how to do that safely. If class is not designed for extension consider making the class &apos;LoginPresenter&apos; final or making the method &apos;prepareFailView&apos; static/final/abstract/empty, or adding allowed annotation for the method." source="com.puppycrawl.tools.checkstyle.checks.design.DesignForExtensionCheck"/>
<error line="40" column="33" severity="error" message="Parameter error should be final." source="com.puppycrawl.tools.checkstyle.checks.FinalParametersCheck"/>
</file>
<file name="C:\Users\varak\Documents\Homework\University\Year 1\CSC207\tanashi2\hw5-git-activity-phase1\homework-5\src\main\java\interface_adapter\login\LoginState.java">
<error line="1" column="9" severity="error" message="Name &apos;interface_adapter.login&apos; must match pattern &apos;^[a-z]+(\.[a-zA-Z_][a-zA-Z0-9_]*)*$&apos;." source="com.puppycrawl.tools.checkstyle.checks.naming.PackageNameCheck"/>
<error line="7" column="5" severity="error" message="Missing a Javadoc comment." source="com.puppycrawl.tools.checkstyle.checks.javadoc.JavadocVariableCheck"/>
<error line="8" column="5" severity="error" message="Missing a Javadoc comment." source="com.puppycrawl.tools.checkstyle.checks.javadoc.JavadocVariableCheck"/>
<error line="9" column="5" severity="error" message="Missing a Javadoc comment." source="com.puppycrawl.tools.checkstyle.checks.javadoc.JavadocVariableCheck"/>
<error line="11" column="5" severity="error" message="Class &apos;LoginState&apos; looks like designed for extension (can be subclassed), but the method &apos;getUsername&apos; does not have javadoc that explains how to do that safely. If class is not designed for extension consider making the class &apos;LoginState&apos; final or making the method &apos;getUsername&apos; static/final/abstract/empty, or adding allowed annotation for the method." source="com.puppycrawl.tools.checkstyle.checks.design.DesignForExtensionCheck"/>
<error line="11" column="5" severity="error" message="Missing a Javadoc comment." source="com.puppycrawl.tools.checkstyle.checks.javadoc.MissingJavadocMethodCheck"/>
<error line="15" column="5" severity="error" message="Class &apos;LoginState&apos; looks like designed for extension (can be subclassed), but the method &apos;getLoginError&apos; does not have javadoc that explains how to do that safely. If class is not designed for extension consider making the class &apos;LoginState&apos; final or making the method &apos;getLoginError&apos; static/final/abstract/empty, or adding allowed annotation for the method." source="com.puppycrawl.tools.checkstyle.checks.design.DesignForExtensionCheck"/>
<error line="15" column="5" severity="error" message="Missing a Javadoc comment." source="com.puppycrawl.tools.checkstyle.checks.javadoc.MissingJavadocMethodCheck"/>
<error line="19" column="5" severity="error" message="Class &apos;LoginState&apos; looks like designed for extension (can be subclassed), but the method &apos;getPassword&apos; does not have javadoc that explains how to do that safely. If class is not designed for extension consider making the class &apos;LoginState&apos; final or making the method &apos;getPassword&apos; static/final/abstract/empty, or adding allowed annotation for the method." source="com.puppycrawl.tools.checkstyle.checks.design.DesignForExtensionCheck"/>
<error line="19" column="5" severity="error" message="Missing a Javadoc comment." source="com.puppycrawl.tools.checkstyle.checks.javadoc.MissingJavadocMethodCheck"/>
<error line="23" column="5" severity="error" message="Class &apos;LoginState&apos; looks like designed for extension (can be subclassed), but the method &apos;setUsername&apos; does not have javadoc that explains how to do that safely. If class is not designed for extension consider making the class &apos;LoginState&apos; final or making the method &apos;setUsername&apos; static/final/abstract/empty, or adding allowed annotation for the method." source="com.puppycrawl.tools.checkstyle.checks.design.DesignForExtensionCheck"/>
<error line="23" column="5" severity="error" message="Missing a Javadoc comment." source="com.puppycrawl.tools.checkstyle.checks.javadoc.MissingJavadocMethodCheck"/>
<error line="23" column="29" severity="error" message="Parameter username should be final." source="com.puppycrawl.tools.checkstyle.checks.FinalParametersCheck"/>
<error line="23" column="36" severity="error" message="&apos;username&apos; hides a field." source="com.puppycrawl.tools.checkstyle.checks.coding.HiddenFieldCheck"/>
<error line="27" column="5" severity="error" message="Class &apos;LoginState&apos; looks like designed for extension (can be subclassed), but the method &apos;setLoginError&apos; does not have javadoc that explains how to do that safely. If class is not designed for extension consider making the class &apos;LoginState&apos; final or making the method &apos;setLoginError&apos; static/final/abstract/empty, or adding allowed annotation for the method." source="com.puppycrawl.tools.checkstyle.checks.design.DesignForExtensionCheck"/>
<error line="27" column="5" severity="error" message="Missing a Javadoc comment." source="com.puppycrawl.tools.checkstyle.checks.javadoc.MissingJavadocMethodCheck"/>
<error line="27" column="31" severity="error" message="Parameter usernameError should be final." source="com.puppycrawl.tools.checkstyle.checks.FinalParametersCheck"/>
<error line="31" column="5" severity="error" message="Class &apos;LoginState&apos; looks like designed for extension (can be subclassed), but the method &apos;setPassword&apos; does not have javadoc that explains how to do that safely. If class is not designed for extension consider making the class &apos;LoginState&apos; final or making the method &apos;setPassword&apos; static/final/abstract/empty, or adding allowed annotation for the method." source="com.puppycrawl.tools.checkstyle.checks.design.DesignForExtensionCheck"/>
<error line="31" column="5" severity="error" message="Missing a Javadoc comment." source="com.puppycrawl.tools.checkstyle.checks.javadoc.MissingJavadocMethodCheck"/>
<error line="31" column="29" severity="error" message="Parameter password should be final." source="com.puppycrawl.tools.checkstyle.checks.FinalParametersCheck"/>
<error line="31" column="36" severity="error" message="&apos;password&apos; hides a field." source="com.puppycrawl.tools.checkstyle.checks.coding.HiddenFieldCheck"/>
</file>
<file name="C:\Users\varak\Documents\Homework\University\Year 1\CSC207\tanashi2\hw5-git-activity-phase1\homework-5\src\main\java\interface_adapter\login\LoginViewModel.java">
<error line="1" column="9" severity="error" message="Name &apos;interface_adapter.login&apos; must match pattern &apos;^[a-z]+(\.[a-zA-Z_][a-zA-Z0-9_]*)*$&apos;." source="com.puppycrawl.tools.checkstyle.checks.naming.PackageNameCheck"/>
<error line="10" column="5" severity="error" message="Missing a Javadoc comment." source="com.puppycrawl.tools.checkstyle.checks.javadoc.MissingJavadocMethodCheck"/>
</file>
<file name="C:\Users\varak\Documents\Homework\University\Year 1\CSC207\tanashi2\hw5-git-activity-phase1\homework-5\src\main\java\interface_adapter\signup\SignupController.java">
<error line="1" severity="error" message="Missing package-info.java file." source="com.puppycrawl.tools.checkstyle.checks.javadoc.JavadocPackageCheck"/>
<error line="1" column="9" severity="error" message="Name &apos;interface_adapter.signup&apos; must match pattern &apos;^[a-z]+(\.[a-zA-Z_][a-zA-Z0-9_]*)*$&apos;." source="com.puppycrawl.tools.checkstyle.checks.naming.PackageNameCheck"/>
<error line="11" column="5" severity="error" message="Missing a Javadoc comment." source="com.puppycrawl.tools.checkstyle.checks.javadoc.JavadocVariableCheck"/>
<error line="13" column="5" severity="error" message="Missing a Javadoc comment." source="com.puppycrawl.tools.checkstyle.checks.javadoc.MissingJavadocMethodCheck"/>
<error line="13" column="29" severity="error" message="Parameter userSignupUseCaseInteractor should be final." source="com.puppycrawl.tools.checkstyle.checks.FinalParametersCheck"/>
<error line="13" column="49" severity="error" message="&apos;userSignupUseCaseInteractor&apos; hides a field." source="com.puppycrawl.tools.checkstyle.checks.coding.HiddenFieldCheck"/>
<error line="23" column="25" severity="error" message="Parameter username should be final." source="com.puppycrawl.tools.checkstyle.checks.FinalParametersCheck"/>
<error line="23" column="42" severity="error" message="Parameter password1 should be final." source="com.puppycrawl.tools.checkstyle.checks.FinalParametersCheck"/>
<error line="23" column="60" severity="error" message="Parameter password2 should be final." source="com.puppycrawl.tools.checkstyle.checks.FinalParametersCheck"/>
</file>
<file name="C:\Users\varak\Documents\Homework\University\Year 1\CSC207\tanashi2\hw5-git-activity-phase1\homework-5\src\main\java\interface_adapter\signup\SignupPresenter.java">
<error line="1" column="9" severity="error" message="Name &apos;interface_adapter.signup&apos; must match pattern &apos;^[a-z]+(\.[a-zA-Z_][a-zA-Z0-9_]*)*$&apos;." source="com.puppycrawl.tools.checkstyle.checks.naming.PackageNameCheck"/>
<error line="14" column="5" severity="error" message="Missing a Javadoc comment." source="com.puppycrawl.tools.checkstyle.checks.javadoc.JavadocVariableCheck"/>
<error line="15" column="5" severity="error" message="Missing a Javadoc comment." source="com.puppycrawl.tools.checkstyle.checks.javadoc.JavadocVariableCheck"/>
<error line="16" column="5" severity="error" message="Missing a Javadoc comment." source="com.puppycrawl.tools.checkstyle.checks.javadoc.JavadocVariableCheck"/>
<error line="18" column="5" severity="error" message="Missing a Javadoc comment." source="com.puppycrawl.tools.checkstyle.checks.javadoc.MissingJavadocMethodCheck"/>
<error line="18" column="28" severity="error" message="Parameter viewManagerModel should be final." source="com.puppycrawl.tools.checkstyle.checks.FinalParametersCheck"/>
<error line="18" column="45" severity="error" message="&apos;viewManagerModel&apos; hides a field." source="com.puppycrawl.tools.checkstyle.checks.coding.HiddenFieldCheck"/>
<error line="19" column="28" severity="error" message="Parameter signupViewModel should be final." source="com.puppycrawl.tools.checkstyle.checks.FinalParametersCheck"/>
<error line="19" column="44" severity="error" message="&apos;signupViewModel&apos; hides a field." source="com.puppycrawl.tools.checkstyle.checks.coding.HiddenFieldCheck"/>
<error line="20" column="28" severity="error" message="Parameter loginViewModel should be final." source="com.puppycrawl.tools.checkstyle.checks.FinalParametersCheck"/>
<error line="20" column="43" severity="error" message="&apos;loginViewModel&apos; hides a field." source="com.puppycrawl.tools.checkstyle.checks.coding.HiddenFieldCheck"/>
<error line="26" column="5" severity="error" message="Class &apos;SignupPresenter&apos; looks like designed for extension (can be subclassed), but the method &apos;prepareSuccessView&apos; does not have javadoc that explains how to do that safely. If class is not designed for extension consider making the class &apos;SignupPresenter&apos; final or making the method &apos;prepareSuccessView&apos; static/final/abstract/empty, or adding allowed annotation for the method." source="com.puppycrawl.tools.checkstyle.checks.design.DesignForExtensionCheck"/>
<error line="27" column="36" severity="error" message="Parameter response should be final." source="com.puppycrawl.tools.checkstyle.checks.FinalParametersCheck"/>
<error line="38" column="5" severity="error" message="Class &apos;SignupPresenter&apos; looks like designed for extension (can be subclassed), but the method &apos;prepareFailView&apos; does not have javadoc that explains how to do that safely. If class is not designed for extension consider making the class &apos;SignupPresenter&apos; final or making the method &apos;prepareFailView&apos; static/final/abstract/empty, or adding allowed annotation for the method." source="com.puppycrawl.tools.checkstyle.checks.design.DesignForExtensionCheck"/>
<error line="39" column="33" severity="error" message="Parameter error should be final." source="com.puppycrawl.tools.checkstyle.checks.FinalParametersCheck"/>
<error line="45" column="5" severity="error" message="Class &apos;SignupPresenter&apos; looks like designed for extension (can be subclassed), but the method &apos;switchToLoginView&apos; does not have javadoc that explains how to do that safely. If class is not designed for extension consider making the class &apos;SignupPresenter&apos; final or making the method &apos;switchToLoginView&apos; static/final/abstract/empty, or adding allowed annotation for the method." source="com.puppycrawl.tools.checkstyle.checks.design.DesignForExtensionCheck"/>
</file>
<file name="C:\Users\varak\Documents\Homework\University\Year 1\CSC207\tanashi2\hw5-git-activity-phase1\homework-5\src\main\java\interface_adapter\signup\SignupState.java">
<error line="1" column="9" severity="error" message="Name &apos;interface_adapter.signup&apos; must match pattern &apos;^[a-z]+(\.[a-zA-Z_][a-zA-Z0-9_]*)*$&apos;." source="com.puppycrawl.tools.checkstyle.checks.naming.PackageNameCheck"/>
<error line="7" column="5" severity="error" message="Missing a Javadoc comment." source="com.puppycrawl.tools.checkstyle.checks.javadoc.JavadocVariableCheck"/>
<error line="8" column="5" severity="error" message="Missing a Javadoc comment." source="com.puppycrawl.tools.checkstyle.checks.javadoc.JavadocVariableCheck"/>
<error line="9" column="5" severity="error" message="Missing a Javadoc comment." source="com.puppycrawl.tools.checkstyle.checks.javadoc.JavadocVariableCheck"/>
<error line="10" column="5" severity="error" message="Missing a Javadoc comment." source="com.puppycrawl.tools.checkstyle.checks.javadoc.JavadocVariableCheck"/>
<error line="11" column="5" severity="error" message="Missing a Javadoc comment." source="com.puppycrawl.tools.checkstyle.checks.javadoc.JavadocVariableCheck"/>
<error line="12" column="5" severity="error" message="Missing a Javadoc comment." source="com.puppycrawl.tools.checkstyle.checks.javadoc.JavadocVariableCheck"/>
<error line="14" column="5" severity="error" message="Class &apos;SignupState&apos; looks like designed for extension (can be subclassed), but the method &apos;getUsername&apos; does not have javadoc that explains how to do that safely. If class is not designed for extension consider making the class &apos;SignupState&apos; final or making the method &apos;getUsername&apos; static/final/abstract/empty, or adding allowed annotation for the method." source="com.puppycrawl.tools.checkstyle.checks.design.DesignForExtensionCheck"/>
<error line="14" column="5" severity="error" message="Missing a Javadoc comment." source="com.puppycrawl.tools.checkstyle.checks.javadoc.MissingJavadocMethodCheck"/>
<error line="18" column="5" severity="error" message="Class &apos;SignupState&apos; looks like designed for extension (can be subclassed), but the method &apos;getUsernameError&apos; does not have javadoc that explains how to do that safely. If class is not designed for extension consider making the class &apos;SignupState&apos; final or making the method &apos;getUsernameError&apos; static/final/abstract/empty, or adding allowed annotation for the method." source="com.puppycrawl.tools.checkstyle.checks.design.DesignForExtensionCheck"/>
<error line="18" column="5" severity="error" message="Missing a Javadoc comment." source="com.puppycrawl.tools.checkstyle.checks.javadoc.MissingJavadocMethodCheck"/>
<error line="22" column="5" severity="error" message="Class &apos;SignupState&apos; looks like designed for extension (can be subclassed), but the method &apos;getPassword&apos; does not have javadoc that explains how to do that safely. If class is not designed for extension consider making the class &apos;SignupState&apos; final or making the method &apos;getPassword&apos; static/final/abstract/empty, or adding allowed annotation for the method." source="com.puppycrawl.tools.checkstyle.checks.design.DesignForExtensionCheck"/>
<error line="22" column="5" severity="error" message="Missing a Javadoc comment." source="com.puppycrawl.tools.checkstyle.checks.javadoc.MissingJavadocMethodCheck"/>
<error line="26" column="5" severity="error" message="Class &apos;SignupState&apos; looks like designed for extension (can be subclassed), but the method &apos;getPasswordError&apos; does not have javadoc that explains how to do that safely. If class is not designed for extension consider making the class &apos;SignupState&apos; final or making the method &apos;getPasswordError&apos; static/final/abstract/empty, or adding allowed annotation for the method." source="com.puppycrawl.tools.checkstyle.checks.design.DesignForExtensionCheck"/>
<error line="26" column="5" severity="error" message="Missing a Javadoc comment." source="com.puppycrawl.tools.checkstyle.checks.javadoc.MissingJavadocMethodCheck"/>
<error line="30" column="5" severity="error" message="Class &apos;SignupState&apos; looks like designed for extension (can be subclassed), but the method &apos;getRepeatPassword&apos; does not have javadoc that explains how to do that safely. If class is not designed for extension consider making the class &apos;SignupState&apos; final or making the method &apos;getRepeatPassword&apos; static/final/abstract/empty, or adding allowed annotation for the method." source="com.puppycrawl.tools.checkstyle.checks.design.DesignForExtensionCheck"/>
<error line="30" column="5" severity="error" message="Missing a Javadoc comment." source="com.puppycrawl.tools.checkstyle.checks.javadoc.MissingJavadocMethodCheck"/>
<error line="34" column="5" severity="error" message="Class &apos;SignupState&apos; looks like designed for extension (can be subclassed), but the method &apos;getRepeatPasswordError&apos; does not have javadoc that explains how to do that safely. If class is not designed for extension consider making the class &apos;SignupState&apos; final or making the method &apos;getRepeatPasswordError&apos; static/final/abstract/empty, or adding allowed annotation for the method." source="com.puppycrawl.tools.checkstyle.checks.design.DesignForExtensionCheck"/>
<error line="34" column="5" severity="error" message="Missing a Javadoc comment." source="com.puppycrawl.tools.checkstyle.checks.javadoc.MissingJavadocMethodCheck"/>
<error line="38" column="5" severity="error" message="Class &apos;SignupState&apos; looks like designed for extension (can be subclassed), but the method &apos;setUsername&apos; does not have javadoc that explains how to do that safely. If class is not designed for extension consider making the class &apos;SignupState&apos; final or making the method &apos;setUsername&apos; static/final/abstract/empty, or adding allowed annotation for the method." source="com.puppycrawl.tools.checkstyle.checks.design.DesignForExtensionCheck"/>
<error line="38" column="5" severity="error" message="Missing a Javadoc comment." source="com.puppycrawl.tools.checkstyle.checks.javadoc.MissingJavadocMethodCheck"/>
<error line="38" column="29" severity="error" message="Parameter username should be final." source="com.puppycrawl.tools.checkstyle.checks.FinalParametersCheck"/>
<error line="38" column="36" severity="error" message="&apos;username&apos; hides a field." source="com.puppycrawl.tools.checkstyle.checks.coding.HiddenFieldCheck"/>
<error line="42" column="5" severity="error" message="Class &apos;SignupState&apos; looks like designed for extension (can be subclassed), but the method &apos;setUsernameError&apos; does not have javadoc that explains how to do that safely. If class is not designed for extension consider making the class &apos;SignupState&apos; final or making the method &apos;setUsernameError&apos; static/final/abstract/empty, or adding allowed annotation for the method." source="com.puppycrawl.tools.checkstyle.checks.design.DesignForExtensionCheck"/>
<error line="42" column="5" severity="error" message="Missing a Javadoc comment." source="com.puppycrawl.tools.checkstyle.checks.javadoc.MissingJavadocMethodCheck"/>
<error line="42" column="34" severity="error" message="Parameter usernameError should be final." source="com.puppycrawl.tools.checkstyle.checks.FinalParametersCheck"/>
<error line="42" column="41" severity="error" message="&apos;usernameError&apos; hides a field." source="com.puppycrawl.tools.checkstyle.checks.coding.HiddenFieldCheck"/>
<error line="46" column="5" severity="error" message="Class &apos;SignupState&apos; looks like designed for extension (can be subclassed), but the method &apos;setPassword&apos; does not have javadoc that explains how to do that safely. If class is not designed for extension consider making the class &apos;SignupState&apos; final or making the method &apos;setPassword&apos; static/final/abstract/empty, or adding allowed annotation for the method." source="com.puppycrawl.tools.checkstyle.checks.design.DesignForExtensionCheck"/>
<error line="46" column="5" severity="error" message="Missing a Javadoc comment." source="com.puppycrawl.tools.checkstyle.checks.javadoc.MissingJavadocMethodCheck"/>
<error line="46" column="29" severity="error" message="Parameter password should be final." source="com.puppycrawl.tools.checkstyle.checks.FinalParametersCheck"/>
<error line="46" column="36" severity="error" message="&apos;password&apos; hides a field." source="com.puppycrawl.tools.checkstyle.checks.coding.HiddenFieldCheck"/>
<error line="50" column="5" severity="error" message="Class &apos;SignupState&apos; looks like designed for extension (can be subclassed), but the method &apos;setPasswordError&apos; does not have javadoc that explains how to do that safely. If class is not designed for extension consider making the class &apos;SignupState&apos; final or making the method &apos;setPasswordError&apos; static/final/abstract/empty, or adding allowed annotation for the method." source="com.puppycrawl.tools.checkstyle.checks.design.DesignForExtensionCheck"/>
<error line="50" column="5" severity="error" message="Missing a Javadoc comment." source="com.puppycrawl.tools.checkstyle.checks.javadoc.MissingJavadocMethodCheck"/>
<error line="50" column="34" severity="error" message="Parameter passwordError should be final." source="com.puppycrawl.tools.checkstyle.checks.FinalParametersCheck"/>
<error line="50" column="41" severity="error" message="&apos;passwordError&apos; hides a field." source="com.puppycrawl.tools.checkstyle.checks.coding.HiddenFieldCheck"/>
<error line="54" column="5" severity="error" message="Class &apos;SignupState&apos; looks like designed for extension (can be subclassed), but the method &apos;setRepeatPassword&apos; does not have javadoc that explains how to do that safely. If class is not designed for extension consider making the class &apos;SignupState&apos; final or making the method &apos;setRepeatPassword&apos; static/final/abstract/empty, or adding allowed annotation for the method." source="com.puppycrawl.tools.checkstyle.checks.design.DesignForExtensionCheck"/>
<error line="54" column="5" severity="error" message="Missing a Javadoc comment." source="com.puppycrawl.tools.checkstyle.checks.javadoc.MissingJavadocMethodCheck"/>
<error line="54" column="35" severity="error" message="Parameter repeatPassword should be final." source="com.puppycrawl.tools.checkstyle.checks.FinalParametersCheck"/>
<error line="54" column="42" severity="error" message="&apos;repeatPassword&apos; hides a field." source="com.puppycrawl.tools.checkstyle.checks.coding.HiddenFieldCheck"/>
<error line="58" column="5" severity="error" message="Class &apos;SignupState&apos; looks like designed for extension (can be subclassed), but the method &apos;setRepeatPasswordError&apos; does not have javadoc that explains how to do that safely. If class is not designed for extension consider making the class &apos;SignupState&apos; final or making the method &apos;setRepeatPasswordError&apos; static/final/abstract/empty, or adding allowed annotation for the method." source="com.puppycrawl.tools.checkstyle.checks.design.DesignForExtensionCheck"/>
<error line="58" column="5" severity="error" message="Missing a Javadoc comment." source="com.puppycrawl.tools.checkstyle.checks.javadoc.MissingJavadocMethodCheck"/>
<error line="58" column="40" severity="error" message="Parameter repeatPasswordError should be final." source="com.puppycrawl.tools.checkstyle.checks.FinalParametersCheck"/>
<error line="58" column="47" severity="error" message="&apos;repeatPasswordError&apos; hides a field." source="com.puppycrawl.tools.checkstyle.checks.coding.HiddenFieldCheck"/>
<error line="62" column="5" severity="error" message="Class &apos;SignupState&apos; looks like designed for extension (can be subclassed), but the method &apos;toString&apos; does not have javadoc that explains how to do that safely. If class is not designed for extension consider making the class &apos;SignupState&apos; final or making the method &apos;toString&apos; static/final/abstract/empty, or adding allowed annotation for the method." source="com.puppycrawl.tools.checkstyle.checks.design.DesignForExtensionCheck"/>
</file>
<file name="C:\Users\varak\Documents\Homework\University\Year 1\CSC207\tanashi2\hw5-git-activity-phase1\homework-5\src\main\java\interface_adapter\signup\SignupViewModel.java">
<error line="1" column="9" severity="error" message="Name &apos;interface_adapter.signup&apos; must match pattern &apos;^[a-z]+(\.[a-zA-Z_][a-zA-Z0-9_]*)*$&apos;." source="com.puppycrawl.tools.checkstyle.checks.naming.PackageNameCheck"/>
<error line="10" column="5" severity="error" message="Missing a Javadoc comment." source="com.puppycrawl.tools.checkstyle.checks.javadoc.JavadocVariableCheck"/>
<error line="11" column="5" severity="error" message="Missing a Javadoc comment." source="com.puppycrawl.tools.checkstyle.checks.javadoc.JavadocVariableCheck"/>
<error line="12" column="5" severity="error" message="Missing a Javadoc comment." source="com.puppycrawl.tools.checkstyle.checks.javadoc.JavadocVariableCheck"/>
<error line="13" column="5" severity="error" message="Missing a Javadoc comment." source="com.puppycrawl.tools.checkstyle.checks.javadoc.JavadocVariableCheck"/>
<error line="15" column="5" severity="error" message="Missing a Javadoc comment." source="com.puppycrawl.tools.checkstyle.checks.javadoc.JavadocVariableCheck"/>
<error line="16" column="5" severity="error" message="Missing a Javadoc comment." source="com.puppycrawl.tools.checkstyle.checks.javadoc.JavadocVariableCheck"/>
<error line="18" column="5" severity="error" message="Missing a Javadoc comment." source="com.puppycrawl.tools.checkstyle.checks.javadoc.JavadocVariableCheck"/>
<error line="20" column="5" severity="error" message="Missing a Javadoc comment." source="com.puppycrawl.tools.checkstyle.checks.javadoc.MissingJavadocMethodCheck"/>
</file>
<file name="C:\Users\varak\Documents\Homework\University\Year 1\CSC207\tanashi2\hw5-git-activity-phase1\homework-5\src\main\java\interface_adapter\ViewManagerModel.java">
<error line="1" severity="error" message="Missing package-info.java file." source="com.puppycrawl.tools.checkstyle.checks.javadoc.JavadocPackageCheck"/>
<error line="1" column="9" severity="error" message="Name &apos;interface_adapter&apos; must match pattern &apos;^[a-z]+(\.[a-zA-Z_][a-zA-Z0-9_]*)*$&apos;." source="com.puppycrawl.tools.checkstyle.checks.naming.PackageNameCheck"/>
<error line="9" column="5" severity="error" message="Missing a Javadoc comment." source="com.puppycrawl.tools.checkstyle.checks.javadoc.MissingJavadocMethodCheck"/>
</file>
<file name="C:\Users\varak\Documents\Homework\University\Year 1\CSC207\tanashi2\hw5-git-activity-phase1\homework-5\src\main\java\interface_adapter\ViewModel.java">
<error line="1" column="9" severity="error" message="Name &apos;interface_adapter&apos; must match pattern &apos;^[a-z]+(\.[a-zA-Z_][a-zA-Z0-9_]*)*$&apos;." source="com.puppycrawl.tools.checkstyle.checks.naming.PackageNameCheck"/>
<error line="15" column="5" severity="error" message="Missing a Javadoc comment." source="com.puppycrawl.tools.checkstyle.checks.javadoc.JavadocVariableCheck"/>
<error line="17" severity="error" message="Line is longer than 80 characters (found 82)." source="com.puppycrawl.tools.checkstyle.checks.sizes.LineLengthCheck"/>
<error line="17" column="5" severity="error" message="Missing a Javadoc comment." source="com.puppycrawl.tools.checkstyle.checks.javadoc.JavadocVariableCheck"/>
<error line="19" column="5" severity="error" message="Missing a Javadoc comment." source="com.puppycrawl.tools.checkstyle.checks.javadoc.JavadocVariableCheck"/>
<error line="21" column="5" severity="error" message="Missing a Javadoc comment." source="com.puppycrawl.tools.checkstyle.checks.javadoc.MissingJavadocMethodCheck"/>
<error line="21" column="22" severity="error" message="Parameter viewName should be final." source="com.puppycrawl.tools.checkstyle.checks.FinalParametersCheck"/>
<error line="21" column="29" severity="error" message="&apos;viewName&apos; hides a field." source="com.puppycrawl.tools.checkstyle.checks.coding.HiddenFieldCheck"/>
<error line="25" column="5" severity="error" message="Class &apos;ViewModel&apos; looks like designed for extension (can be subclassed), but the method &apos;getViewName&apos; does not have javadoc that explains how to do that safely. If class is not designed for extension consider making the class &apos;ViewModel&apos; final or making the method &apos;getViewName&apos; static/final/abstract/empty, or adding allowed annotation for the method." source="com.puppycrawl.tools.checkstyle.checks.design.DesignForExtensionCheck"/>
<error line="25" column="5" severity="error" message="Missing a Javadoc comment." source="com.puppycrawl.tools.checkstyle.checks.javadoc.MissingJavadocMethodCheck"/>
<error line="29" column="5" severity="error" message="Class &apos;ViewModel&apos; looks like designed for extension (can be subclassed), but the method &apos;getState&apos; does not have javadoc that explains how to do that safely. If class is not designed for extension consider making the class &apos;ViewModel&apos; final or making the method &apos;getState&apos; static/final/abstract/empty, or adding allowed annotation for the method." source="com.puppycrawl.tools.checkstyle.checks.design.DesignForExtensionCheck"/>
<error line="29" column="5" severity="error" message="Missing a Javadoc comment." source="com.puppycrawl.tools.checkstyle.checks.javadoc.MissingJavadocMethodCheck"/>
<error line="33" column="5" severity="error" message="Class &apos;ViewModel&apos; looks like designed for extension (can be subclassed), but the method &apos;setState&apos; does not have javadoc that explains how to do that safely. If class is not designed for extension consider making the class &apos;ViewModel&apos; final or making the method &apos;setState&apos; static/final/abstract/empty, or adding allowed annotation for the method." source="com.puppycrawl.tools.checkstyle.checks.design.DesignForExtensionCheck"/>
<error line="33" column="5" severity="error" message="Missing a Javadoc comment." source="com.puppycrawl.tools.checkstyle.checks.javadoc.MissingJavadocMethodCheck"/>
<error line="33" column="26" severity="error" message="Parameter state should be final." source="com.puppycrawl.tools.checkstyle.checks.FinalParametersCheck"/>
<error line="33" column="28" severity="error" message="&apos;state&apos; hides a field." source="com.puppycrawl.tools.checkstyle.checks.coding.HiddenFieldCheck"/>
<error line="53" column="37" severity="error" message="Parameter propertyName should be final." source="com.puppycrawl.tools.checkstyle.checks.FinalParametersCheck"/>
<error line="61" column="43" severity="error" message="Parameter listener should be final." source="com.puppycrawl.tools.checkstyle.checks.FinalParametersCheck"/>
</file>
<file name="C:\Users\varak\Documents\Homework\University\Year 1\CSC207\tanashi2\hw5-git-activity-phase1\homework-5\src\main\java\use_case\change_password\ChangePasswordInputBoundary.java">
<error line="1" severity="error" message="Missing package-info.java file." source="com.puppycrawl.tools.checkstyle.checks.javadoc.JavadocPackageCheck"/>
<error line="1" column="9" severity="error" message="Name &apos;use_case.change_password&apos; must match pattern &apos;^[a-z]+(\.[a-zA-Z_][a-zA-Z0-9_]*)*$&apos;." source="com.puppycrawl.tools.checkstyle.checks.naming.PackageNameCheck"/>
</file>
<file name="C:\Users\varak\Documents\Homework\University\Year 1\CSC207\tanashi2\hw5-git-activity-phase1\homework-5\src\main\java\use_case\change_password\ChangePasswordInputData.java">
<error line="1" column="9" severity="error" message="Name &apos;use_case.change_password&apos; must match pattern &apos;^[a-z]+(\.[a-zA-Z_][a-zA-Z0-9_]*)*$&apos;." source="com.puppycrawl.tools.checkstyle.checks.naming.PackageNameCheck"/>
<error line="8" column="5" severity="error" message="Missing a Javadoc comment." source="com.puppycrawl.tools.checkstyle.checks.javadoc.JavadocVariableCheck"/>
<error line="9" column="5" severity="error" message="Missing a Javadoc comment." source="com.puppycrawl.tools.checkstyle.checks.javadoc.JavadocVariableCheck"/>
<error line="11" column="5" severity="error" message="Missing a Javadoc comment." source="com.puppycrawl.tools.checkstyle.checks.javadoc.MissingJavadocMethodCheck"/>
<error line="11" column="36" severity="error" message="Parameter password should be final." source="com.puppycrawl.tools.checkstyle.checks.FinalParametersCheck"/>
<error line="11" column="43" severity="error" message="&apos;password&apos; hides a field." source="com.puppycrawl.tools.checkstyle.checks.coding.HiddenFieldCheck"/>
<error line="11" column="53" severity="error" message="Parameter username should be final." source="com.puppycrawl.tools.checkstyle.checks.FinalParametersCheck"/>
<error line="11" column="60" severity="error" message="&apos;username&apos; hides a field." source="com.puppycrawl.tools.checkstyle.checks.coding.HiddenFieldCheck"/>
<error line="16" column="5" severity="error" message="Class &apos;ChangePasswordInputData&apos; looks like designed for extension (can be subclassed), but the method &apos;getPassword&apos; does not have javadoc that explains how to do that safely. If class is not designed for extension consider making the class &apos;ChangePasswordInputData&apos; final or making the method &apos;getPassword&apos; static/final/abstract/empty, or adding allowed annotation for the method." source="com.puppycrawl.tools.checkstyle.checks.design.DesignForExtensionCheck"/>
<error line="20" column="5" severity="error" message="Class &apos;ChangePasswordInputData&apos; looks like designed for extension (can be subclassed), but the method &apos;getUsername&apos; does not have javadoc that explains how to do that safely. If class is not designed for extension consider making the class &apos;ChangePasswordInputData&apos; final or making the method &apos;getUsername&apos; static/final/abstract/empty, or adding allowed annotation for the method." source="com.puppycrawl.tools.checkstyle.checks.design.DesignForExtensionCheck"/>
</file>
<file name="C:\Users\varak\Documents\Homework\University\Year 1\CSC207\tanashi2\hw5-git-activity-phase1\homework-5\src\main\java\use_case\change_password\ChangePasswordInteractor.java">
<error line="1" column="9" severity="error" message="Name &apos;use_case.change_password&apos; must match pattern &apos;^[a-z]+(\.[a-zA-Z_][a-zA-Z0-9_]*)*$&apos;." source="com.puppycrawl.tools.checkstyle.checks.naming.PackageNameCheck"/>
<error line="10" column="5" severity="error" message="Missing a Javadoc comment." source="com.puppycrawl.tools.checkstyle.checks.javadoc.JavadocVariableCheck"/>
<error line="11" column="5" severity="error" message="Missing a Javadoc comment." source="com.puppycrawl.tools.checkstyle.checks.javadoc.JavadocVariableCheck"/>
<error line="12" column="5" severity="error" message="Missing a Javadoc comment." source="com.puppycrawl.tools.checkstyle.checks.javadoc.JavadocVariableCheck"/>
<error line="14" severity="error" message="Line is longer than 80 characters (found 108)." source="com.puppycrawl.tools.checkstyle.checks.sizes.LineLengthCheck"/>
<error line="14" column="5" severity="error" message="Missing a Javadoc comment." source="com.puppycrawl.tools.checkstyle.checks.javadoc.MissingJavadocMethodCheck"/>
<error line="14" column="37" severity="error" message="Parameter changePasswordDataAccessInterface should be final." source="com.puppycrawl.tools.checkstyle.checks.FinalParametersCheck"/>
<error line="15" severity="error" message="Line is longer than 80 characters (found 94)." source="com.puppycrawl.tools.checkstyle.checks.sizes.LineLengthCheck"/>
<error line="15" column="37" severity="error" message="Parameter changePasswordOutputBoundary should be final." source="com.puppycrawl.tools.checkstyle.checks.FinalParametersCheck"/>
<error line="16" column="37" severity="error" message="Parameter userFactory should be final." source="com.puppycrawl.tools.checkstyle.checks.FinalParametersCheck"/>
<error line="16" column="49" severity="error" message="&apos;userFactory&apos; hides a field." source="com.puppycrawl.tools.checkstyle.checks.coding.HiddenFieldCheck"/>
<error line="22" column="5" severity="error" message="Class &apos;ChangePasswordInteractor&apos; looks like designed for extension (can be subclassed), but the method &apos;execute&apos; does not have javadoc that explains how to do that safely. If class is not designed for extension consider making the class &apos;ChangePasswordInteractor&apos; final or making the method &apos;execute&apos; static/final/abstract/empty, or adding allowed annotation for the method." source="com.puppycrawl.tools.checkstyle.checks.design.DesignForExtensionCheck"/>
<error line="23" column="25" severity="error" message="Parameter changePasswordInputData should be final." source="com.puppycrawl.tools.checkstyle.checks.FinalParametersCheck"/>
<error line="24" severity="error" message="Line is longer than 80 characters (found 83)." source="com.puppycrawl.tools.checkstyle.checks.sizes.LineLengthCheck"/>
<error line="25" severity="error" message="Line is longer than 80 characters (found 84)." source="com.puppycrawl.tools.checkstyle.checks.sizes.LineLengthCheck"/>
<error line="28" severity="error" message="Line is longer than 80 characters (found 110)." source="com.puppycrawl.tools.checkstyle.checks.sizes.LineLengthCheck"/>
<error line="29" severity="error" message="Line is longer than 80 characters (found 89)." source="com.puppycrawl.tools.checkstyle.checks.sizes.LineLengthCheck"/>
</file>
<file name="C:\Users\varak\Documents\Homework\University\Year 1\CSC207\tanashi2\hw5-git-activity-phase1\homework-5\src\main\java\use_case\change_password\ChangePasswordOutputBoundary.java">
<error line="1" column="9" severity="error" message="Name &apos;use_case.change_password&apos; must match pattern &apos;^[a-z]+(\.[a-zA-Z_][a-zA-Z0-9_]*)*$&apos;." source="com.puppycrawl.tools.checkstyle.checks.naming.PackageNameCheck"/>
</file>
<file name="C:\Users\varak\Documents\Homework\University\Year 1\CSC207\tanashi2\hw5-git-activity-phase1\homework-5\src\main\java\use_case\change_password\ChangePasswordOutputData.java">
<error line="1" column="9" severity="error" message="Name &apos;use_case.change_password&apos; must match pattern &apos;^[a-z]+(\.[a-zA-Z_][a-zA-Z0-9_]*)*$&apos;." source="com.puppycrawl.tools.checkstyle.checks.naming.PackageNameCheck"/>
<error line="8" column="5" severity="error" message="Missing a Javadoc comment." source="com.puppycrawl.tools.checkstyle.checks.javadoc.JavadocVariableCheck"/>
<error line="10" column="5" severity="error" message="Missing a Javadoc comment." source="com.puppycrawl.tools.checkstyle.checks.javadoc.JavadocVariableCheck"/>
<error line="12" column="5" severity="error" message="Missing a Javadoc comment." source="com.puppycrawl.tools.checkstyle.checks.javadoc.MissingJavadocMethodCheck"/>
<error line="12" column="37" severity="error" message="Parameter username should be final." source="com.puppycrawl.tools.checkstyle.checks.FinalParametersCheck"/>
<error line="12" column="44" severity="error" message="&apos;username&apos; hides a field." source="com.puppycrawl.tools.checkstyle.checks.coding.HiddenFieldCheck"/>
<error line="12" column="54" severity="error" message="Parameter useCaseFailed should be final." source="com.puppycrawl.tools.checkstyle.checks.FinalParametersCheck"/>
<error line="12" column="62" severity="error" message="&apos;useCaseFailed&apos; hides a field." source="com.puppycrawl.tools.checkstyle.checks.coding.HiddenFieldCheck"/>
<error line="17" column="5" severity="error" message="Class &apos;ChangePasswordOutputData&apos; looks like designed for extension (can be subclassed), but the method &apos;getUsername&apos; does not have javadoc that explains how to do that safely. If class is not designed for extension consider making the class &apos;ChangePasswordOutputData&apos; final or making the method &apos;getUsername&apos; static/final/abstract/empty, or adding allowed annotation for the method." source="com.puppycrawl.tools.checkstyle.checks.design.DesignForExtensionCheck"/>
<error line="17" column="5" severity="error" message="Missing a Javadoc comment." source="com.puppycrawl.tools.checkstyle.checks.javadoc.MissingJavadocMethodCheck"/>
<error line="21" column="5" severity="error" message="Class &apos;ChangePasswordOutputData&apos; looks like designed for extension (can be subclassed), but the method &apos;isUseCaseFailed&apos; does not have javadoc that explains how to do that safely. If class is not designed for extension consider making the class &apos;ChangePasswordOutputData&apos; final or making the method &apos;isUseCaseFailed&apos; static/final/abstract/empty, or adding allowed annotation for the method." source="com.puppycrawl.tools.checkstyle.checks.design.DesignForExtensionCheck"/>
<error line="21" column="5" severity="error" message="Missing a Javadoc comment." source="com.puppycrawl.tools.checkstyle.checks.javadoc.MissingJavadocMethodCheck"/>
</file>
<file name="C:\Users\varak\Documents\Homework\University\Year 1\CSC207\tanashi2\hw5-git-activity-phase1\homework-5\src\main\java\use_case\change_password\ChangePasswordUserDataAccessInterface.java">
<error line="1" column="9" severity="error" message="Name &apos;use_case.change_password&apos; must match pattern &apos;^[a-z]+(\.[a-zA-Z_][a-zA-Z0-9_]*)*$&apos;." source="com.puppycrawl.tools.checkstyle.checks.naming.PackageNameCheck"/>
</file>
<file name="C:\Users\varak\Documents\Homework\University\Year 1\CSC207\tanashi2\hw5-git-activity-phase1\homework-5\src\main\java\use_case\login\LoginInputBoundary.java">
<error line="1" severity="error" message="Missing package-info.java file." source="com.puppycrawl.tools.checkstyle.checks.javadoc.JavadocPackageCheck"/>
<error line="1" column="9" severity="error" message="Name &apos;use_case.login&apos; must match pattern &apos;^[a-z]+(\.[a-zA-Z_][a-zA-Z0-9_]*)*$&apos;." source="com.puppycrawl.tools.checkstyle.checks.naming.PackageNameCheck"/>
</file>
<file name="C:\Users\varak\Documents\Homework\University\Year 1\CSC207\tanashi2\hw5-git-activity-phase1\homework-5\src\main\java\use_case\login\LoginInputData.java">
<error line="1" column="9" severity="error" message="Name &apos;use_case.login&apos; must match pattern &apos;^[a-z]+(\.[a-zA-Z_][a-zA-Z0-9_]*)*$&apos;." source="com.puppycrawl.tools.checkstyle.checks.naming.PackageNameCheck"/>
<error line="8" column="5" severity="error" message="Missing a Javadoc comment." source="com.puppycrawl.tools.checkstyle.checks.javadoc.JavadocVariableCheck"/>
<error line="9" column="5" severity="error" message="Missing a Javadoc comment." source="com.puppycrawl.tools.checkstyle.checks.javadoc.JavadocVariableCheck"/>
<error line="11" column="5" severity="error" message="Missing a Javadoc comment." source="com.puppycrawl.tools.checkstyle.checks.javadoc.MissingJavadocMethodCheck"/>
<error line="11" column="27" severity="error" message="Parameter username should be final." source="com.puppycrawl.tools.checkstyle.checks.FinalParametersCheck"/>
<error line="11" column="34" severity="error" message="&apos;username&apos; hides a field." source="com.puppycrawl.tools.checkstyle.checks.coding.HiddenFieldCheck"/>
<error line="11" column="44" severity="error" message="Parameter password should be final." source="com.puppycrawl.tools.checkstyle.checks.FinalParametersCheck"/>
<error line="11" column="51" severity="error" message="&apos;password&apos; hides a field." source="com.puppycrawl.tools.checkstyle.checks.coding.HiddenFieldCheck"/>
<error line="16" column="5" severity="error" message="Class &apos;LoginInputData&apos; looks like designed for extension (can be subclassed), but the method &apos;getUsername&apos; does not have javadoc that explains how to do that safely. If class is not designed for extension consider making the class &apos;LoginInputData&apos; final or making the method &apos;getUsername&apos; static/final/abstract/empty, or adding allowed annotation for the method." source="com.puppycrawl.tools.checkstyle.checks.design.DesignForExtensionCheck"/>
<error line="20" column="5" severity="error" message="Class &apos;LoginInputData&apos; looks like designed for extension (can be subclassed), but the method &apos;getPassword&apos; does not have javadoc that explains how to do that safely. If class is not designed for extension consider making the class &apos;LoginInputData&apos; final or making the method &apos;getPassword&apos; static/final/abstract/empty, or adding allowed annotation for the method." source="com.puppycrawl.tools.checkstyle.checks.design.DesignForExtensionCheck"/>
</file>
<file name="C:\Users\varak\Documents\Homework\University\Year 1\CSC207\tanashi2\hw5-git-activity-phase1\homework-5\src\main\java\use_case\login\LoginInteractor.java">
<error line="1" column="9" severity="error" message="Name &apos;use_case.login&apos; must match pattern &apos;^[a-z]+(\.[a-zA-Z_][a-zA-Z0-9_]*)*$&apos;." source="com.puppycrawl.tools.checkstyle.checks.naming.PackageNameCheck"/>
<error line="9" column="5" severity="error" message="Missing a Javadoc comment." source="com.puppycrawl.tools.checkstyle.checks.javadoc.JavadocVariableCheck"/>
<error line="10" column="5" severity="error" message="Missing a Javadoc comment." source="com.puppycrawl.tools.checkstyle.checks.javadoc.JavadocVariableCheck"/>
<error line="12" column="5" severity="error" message="Missing a Javadoc comment." source="com.puppycrawl.tools.checkstyle.checks.javadoc.MissingJavadocMethodCheck"/>
<error line="12" column="28" severity="error" message="Parameter userDataAccessInterface should be final." source="com.puppycrawl.tools.checkstyle.checks.FinalParametersCheck"/>
<error line="13" column="28" severity="error" message="Parameter loginOutputBoundary should be final." source="com.puppycrawl.tools.checkstyle.checks.FinalParametersCheck"/>
<error line="18" column="5" severity="error" message="Class &apos;LoginInteractor&apos; looks like designed for extension (can be subclassed), but the method &apos;execute&apos; does not have javadoc that explains how to do that safely. If class is not designed for extension consider making the class &apos;LoginInteractor&apos; final or making the method &apos;execute&apos; static/final/abstract/empty, or adding allowed annotation for the method." source="com.puppycrawl.tools.checkstyle.checks.design.DesignForExtensionCheck"/>
<error line="19" column="25" severity="error" message="Parameter loginInputData should be final." source="com.puppycrawl.tools.checkstyle.checks.FinalParametersCheck"/>
<error line="23" severity="error" message="Line is longer than 80 characters (found 83)." source="com.puppycrawl.tools.checkstyle.checks.sizes.LineLengthCheck"/>
<error line="24" column="9" severity="error" message="&apos;}&apos; at column 9 should be on the same line as the next part of a multi-block statement (one that directly contains multiple blocks: if/else-if/else, do/while or try/catch/finally)." source="com.puppycrawl.tools.checkstyle.checks.blocks.RightCurlyCheck"/>
<error line="28" severity="error" message="Line is longer than 80 characters (found 95)." source="com.puppycrawl.tools.checkstyle.checks.sizes.LineLengthCheck"/>
<error line="29" column="13" severity="error" message="&apos;}&apos; at column 13 should be on the same line as the next part of a multi-block statement (one that directly contains multiple blocks: if/else-if/else, do/while or try/catch/finally)." source="com.puppycrawl.tools.checkstyle.checks.blocks.RightCurlyCheck"/>
<error line="32" severity="error" message="Line is longer than 80 characters (found 89)." source="com.puppycrawl.tools.checkstyle.checks.sizes.LineLengthCheck"/>
<error line="35" severity="error" message="Line is longer than 80 characters (found 99)." source="com.puppycrawl.tools.checkstyle.checks.sizes.LineLengthCheck"/>
</file>
<file name="C:\Users\varak\Documents\Homework\University\Year 1\CSC207\tanashi2\hw5-git-activity-phase1\homework-5\src\main\java\use_case\login\LoginOutputBoundary.java">
<error line="1" column="9" severity="error" message="Name &apos;use_case.login&apos; must match pattern &apos;^[a-z]+(\.[a-zA-Z_][a-zA-Z0-9_]*)*$&apos;." source="com.puppycrawl.tools.checkstyle.checks.naming.PackageNameCheck"/>
</file>
<file name="C:\Users\varak\Documents\Homework\University\Year 1\CSC207\tanashi2\hw5-git-activity-phase1\homework-5\src\main\java\use_case\login\LoginOutputData.java">
<error line="1" column="9" severity="error" message="Name &apos;use_case.login&apos; must match pattern &apos;^[a-z]+(\.[a-zA-Z_][a-zA-Z0-9_]*)*$&apos;." source="com.puppycrawl.tools.checkstyle.checks.naming.PackageNameCheck"/>
<error line="8" column="5" severity="error" message="Missing a Javadoc comment." source="com.puppycrawl.tools.checkstyle.checks.javadoc.JavadocVariableCheck"/>
<error line="9" column="5" severity="error" message="Missing a Javadoc comment." source="com.puppycrawl.tools.checkstyle.checks.javadoc.JavadocVariableCheck"/>
<error line="11" column="5" severity="error" message="Missing a Javadoc comment." source="com.puppycrawl.tools.checkstyle.checks.javadoc.MissingJavadocMethodCheck"/>
<error line="11" column="28" severity="error" message="Parameter username should be final." source="com.puppycrawl.tools.checkstyle.checks.FinalParametersCheck"/>
<error line="11" column="35" severity="error" message="&apos;username&apos; hides a field." source="com.puppycrawl.tools.checkstyle.checks.coding.HiddenFieldCheck"/>
<error line="11" column="45" severity="error" message="Parameter useCaseFailed should be final." source="com.puppycrawl.tools.checkstyle.checks.FinalParametersCheck"/>
<error line="11" column="53" severity="error" message="&apos;useCaseFailed&apos; hides a field." source="com.puppycrawl.tools.checkstyle.checks.coding.HiddenFieldCheck"/>
<error line="16" column="5" severity="error" message="Class &apos;LoginOutputData&apos; looks like designed for extension (can be subclassed), but the method &apos;getUsername&apos; does not have javadoc that explains how to do that safely. If class is not designed for extension consider making the class &apos;LoginOutputData&apos; final or making the method &apos;getUsername&apos; static/final/abstract/empty, or adding allowed annotation for the method." source="com.puppycrawl.tools.checkstyle.checks.design.DesignForExtensionCheck"/>
<error line="16" column="5" severity="error" message="Missing a Javadoc comment." source="com.puppycrawl.tools.checkstyle.checks.javadoc.MissingJavadocMethodCheck"/>
</file>
<file name="C:\Users\varak\Documents\Homework\University\Year 1\CSC207\tanashi2\hw5-git-activity-phase1\homework-5\src\main\java\use_case\login\LoginUserDataAccessInterface.java">
<error line="1" column="9" severity="error" message="Name &apos;use_case.login&apos; must match pattern &apos;^[a-z]+(\.[a-zA-Z_][a-zA-Z0-9_]*)*$&apos;." source="com.puppycrawl.tools.checkstyle.checks.naming.PackageNameCheck"/>
<error line="38" severity="error" message="Line is longer than 80 characters (found 91)." source="com.puppycrawl.tools.checkstyle.checks.sizes.LineLengthCheck"/>
</file>
<file name="C:\Users\varak\Documents\Homework\University\Year 1\CSC207\tanashi2\hw5-git-activity-phase1\homework-5\src\main\java\use_case\signup\SignupInputBoundary.java">
<error line="1" severity="error" message="Missing package-info.java file." source="com.puppycrawl.tools.checkstyle.checks.javadoc.JavadocPackageCheck"/>
<error line="1" column="9" severity="error" message="Name &apos;use_case.signup&apos; must match pattern &apos;^[a-z]+(\.[a-zA-Z_][a-zA-Z0-9_]*)*$&apos;." source="com.puppycrawl.tools.checkstyle.checks.naming.PackageNameCheck"/>
</file>
<file name="C:\Users\varak\Documents\Homework\University\Year 1\CSC207\tanashi2\hw5-git-activity-phase1\homework-5\src\main\java\use_case\signup\SignupInputData.java">
<error line="1" column="9" severity="error" message="Name &apos;use_case.signup&apos; must match pattern &apos;^[a-z]+(\.[a-zA-Z_][a-zA-Z0-9_]*)*$&apos;." source="com.puppycrawl.tools.checkstyle.checks.naming.PackageNameCheck"/>
<error line="8" column="5" severity="error" message="Missing a Javadoc comment." source="com.puppycrawl.tools.checkstyle.checks.javadoc.JavadocVariableCheck"/>
<error line="9" column="5" severity="error" message="Missing a Javadoc comment." source="com.puppycrawl.tools.checkstyle.checks.javadoc.JavadocVariableCheck"/>
<error line="10" column="5" severity="error" message="Missing a Javadoc comment." source="com.puppycrawl.tools.checkstyle.checks.javadoc.JavadocVariableCheck"/>
<error line="12" severity="error" message="Line is longer than 80 characters (found 85)." source="com.puppycrawl.tools.checkstyle.checks.sizes.LineLengthCheck"/>
<error line="12" column="5" severity="error" message="Missing a Javadoc comment." source="com.puppycrawl.tools.checkstyle.checks.javadoc.MissingJavadocMethodCheck"/>
<error line="12" column="28" severity="error" message="Parameter username should be final." source="com.puppycrawl.tools.checkstyle.checks.FinalParametersCheck"/>
<error line="12" column="35" severity="error" message="&apos;username&apos; hides a field." source="com.puppycrawl.tools.checkstyle.checks.coding.HiddenFieldCheck"/>
<error line="12" column="45" severity="error" message="Parameter password should be final." source="com.puppycrawl.tools.checkstyle.checks.FinalParametersCheck"/>
<error line="12" column="52" severity="error" message="&apos;password&apos; hides a field." source="com.puppycrawl.tools.checkstyle.checks.coding.HiddenFieldCheck"/>
<error line="12" column="62" severity="error" message="Parameter repeatPassword should be final." source="com.puppycrawl.tools.checkstyle.checks.FinalParametersCheck"/>
<error line="12" column="69" severity="error" message="&apos;repeatPassword&apos; hides a field." source="com.puppycrawl.tools.checkstyle.checks.coding.HiddenFieldCheck"/>
<error line="18" column="5" severity="error" message="Class &apos;SignupInputData&apos; looks like designed for extension (can be subclassed), but the method &apos;getUsername&apos; does not have javadoc that explains how to do that safely. If class is not designed for extension consider making the class &apos;SignupInputData&apos; final or making the method &apos;getUsername&apos; static/final/abstract/empty, or adding allowed annotation for the method." source="com.puppycrawl.tools.checkstyle.checks.design.DesignForExtensionCheck"/>
<error line="22" column="5" severity="error" message="Class &apos;SignupInputData&apos; looks like designed for extension (can be subclassed), but the method &apos;getPassword&apos; does not have javadoc that explains how to do that safely. If class is not designed for extension consider making the class &apos;SignupInputData&apos; final or making the method &apos;getPassword&apos; static/final/abstract/empty, or adding allowed annotation for the method." source="com.puppycrawl.tools.checkstyle.checks.design.DesignForExtensionCheck"/>
<error line="26" column="5" severity="error" message="Class &apos;SignupInputData&apos; looks like designed for extension (can be subclassed), but the method &apos;getRepeatPassword&apos; does not have javadoc that explains how to do that safely. If class is not designed for extension consider making the class &apos;SignupInputData&apos; final or making the method &apos;getRepeatPassword&apos; static/final/abstract/empty, or adding allowed annotation for the method." source="com.puppycrawl.tools.checkstyle.checks.design.DesignForExtensionCheck"/>
<error line="26" column="5" severity="error" message="Missing a Javadoc comment." source="com.puppycrawl.tools.checkstyle.checks.javadoc.MissingJavadocMethodCheck"/>
</file>
<file name="C:\Users\varak\Documents\Homework\University\Year 1\CSC207\tanashi2\hw5-git-activity-phase1\homework-5\src\main\java\use_case\signup\SignupInteractor.java">
<error line="1" column="9" severity="error" message="Name &apos;use_case.signup&apos; must match pattern &apos;^[a-z]+(\.[a-zA-Z_][a-zA-Z0-9_]*)*$&apos;." source="com.puppycrawl.tools.checkstyle.checks.naming.PackageNameCheck"/>
<error line="10" column="5" severity="error" message="Missing a Javadoc comment." source="com.puppycrawl.tools.checkstyle.checks.javadoc.JavadocVariableCheck"/>
<error line="11" column="5" severity="error" message="Missing a Javadoc comment." source="com.puppycrawl.tools.checkstyle.checks.javadoc.JavadocVariableCheck"/>
<error line="12" column="5" severity="error" message="Missing a Javadoc comment." source="com.puppycrawl.tools.checkstyle.checks.javadoc.JavadocVariableCheck"/>
<error line="14" severity="error" message="Line is longer than 80 characters (found 84)." source="com.puppycrawl.tools.checkstyle.checks.sizes.LineLengthCheck"/>
<error line="14" column="5" severity="error" message="Missing a Javadoc comment." source="com.puppycrawl.tools.checkstyle.checks.javadoc.MissingJavadocMethodCheck"/>
<error line="14" column="29" severity="error" message="Parameter signupDataAccessInterface should be final." source="com.puppycrawl.tools.checkstyle.checks.FinalParametersCheck"/>
<error line="15" column="29" severity="error" message="Parameter signupOutputBoundary should be final." source="com.puppycrawl.tools.checkstyle.checks.FinalParametersCheck"/>
<error line="16" column="29" severity="error" message="Parameter userFactory should be final." source="com.puppycrawl.tools.checkstyle.checks.FinalParametersCheck"/>
<error line="16" column="41" severity="error" message="&apos;userFactory&apos; hides a field." source="com.puppycrawl.tools.checkstyle.checks.coding.HiddenFieldCheck"/>
<error line="22" column="5" severity="error" message="Class &apos;SignupInteractor&apos; looks like designed for extension (can be subclassed), but the method &apos;execute&apos; does not have javadoc that explains how to do that safely. If class is not designed for extension consider making the class &apos;SignupInteractor&apos; final or making the method &apos;execute&apos; static/final/abstract/empty, or adding allowed annotation for the method." source="com.puppycrawl.tools.checkstyle.checks.design.DesignForExtensionCheck"/>
<error line="23" column="25" severity="error" message="Parameter signupInputData should be final." source="com.puppycrawl.tools.checkstyle.checks.FinalParametersCheck"/>
<error line="26" column="9" severity="error" message="&apos;}&apos; at column 9 should be on the same line as the next part of a multi-block statement (one that directly contains multiple blocks: if/else-if/else, do/while or try/catch/finally)." source="com.puppycrawl.tools.checkstyle.checks.blocks.RightCurlyCheck"/>
<error line="27" severity="error" message="Line is longer than 80 characters (found 94)." source="com.puppycrawl.tools.checkstyle.checks.sizes.LineLengthCheck"/>
<error line="29" column="9" severity="error" message="&apos;}&apos; at column 9 should be on the same line as the next part of a multi-block statement (one that directly contains multiple blocks: if/else-if/else, do/while or try/catch/finally)." source="com.puppycrawl.tools.checkstyle.checks.blocks.RightCurlyCheck"/>
<error line="31" severity="error" message="Line is longer than 80 characters (found 111)." source="com.puppycrawl.tools.checkstyle.checks.sizes.LineLengthCheck"/>
<error line="34" severity="error" message="Line is longer than 80 characters (found 98)." source="com.puppycrawl.tools.checkstyle.checks.sizes.LineLengthCheck"/>
<error line="39" column="5" severity="error" message="Class &apos;SignupInteractor&apos; looks like designed for extension (can be subclassed), but the method &apos;switchToLoginView&apos; does not have javadoc that explains how to do that safely. If class is not designed for extension consider making the class &apos;SignupInteractor&apos; final or making the method &apos;switchToLoginView&apos; static/final/abstract/empty, or adding allowed annotation for the method." source="com.puppycrawl.tools.checkstyle.checks.design.DesignForExtensionCheck"/>
</file>
<file name="C:\Users\varak\Documents\Homework\University\Year 1\CSC207\tanashi2\hw5-git-activity-phase1\homework-5\src\main\java\use_case\signup\SignupOutputBoundary.java">
<error line="1" column="9" severity="error" message="Name &apos;use_case.signup&apos; must match pattern &apos;^[a-z]+(\.[a-zA-Z_][a-zA-Z0-9_]*)*$&apos;." source="com.puppycrawl.tools.checkstyle.checks.naming.PackageNameCheck"/>
</file>
<file name="C:\Users\varak\Documents\Homework\University\Year 1\CSC207\tanashi2\hw5-git-activity-phase1\homework-5\src\main\java\use_case\signup\SignupOutputData.java">
<error line="1" column="9" severity="error" message="Name &apos;use_case.signup&apos; must match pattern &apos;^[a-z]+(\.[a-zA-Z_][a-zA-Z0-9_]*)*$&apos;." source="com.puppycrawl.tools.checkstyle.checks.naming.PackageNameCheck"/>
<error line="8" column="5" severity="error" message="Missing a Javadoc comment." source="com.puppycrawl.tools.checkstyle.checks.javadoc.JavadocVariableCheck"/>
<error line="10" column="5" severity="error" message="Missing a Javadoc comment." source="com.puppycrawl.tools.checkstyle.checks.javadoc.JavadocVariableCheck"/>
<error line="12" column="5" severity="error" message="Missing a Javadoc comment." source="com.puppycrawl.tools.checkstyle.checks.javadoc.MissingJavadocMethodCheck"/>
<error line="12" column="29" severity="error" message="Parameter username should be final." source="com.puppycrawl.tools.checkstyle.checks.FinalParametersCheck"/>
<error line="12" column="36" severity="error" message="&apos;username&apos; hides a field." source="com.puppycrawl.tools.checkstyle.checks.coding.HiddenFieldCheck"/>
<error line="12" column="46" severity="error" message="Parameter useCaseFailed should be final." source="com.puppycrawl.tools.checkstyle.checks.FinalParametersCheck"/>
<error line="12" column="54" severity="error" message="&apos;useCaseFailed&apos; hides a field." source="com.puppycrawl.tools.checkstyle.checks.coding.HiddenFieldCheck"/>
<error line="17" column="5" severity="error" message="Class &apos;SignupOutputData&apos; looks like designed for extension (can be subclassed), but the method &apos;getUsername&apos; does not have javadoc that explains how to do that safely. If class is not designed for extension consider making the class &apos;SignupOutputData&apos; final or making the method &apos;getUsername&apos; static/final/abstract/empty, or adding allowed annotation for the method." source="com.puppycrawl.tools.checkstyle.checks.design.DesignForExtensionCheck"/>
<error line="17" column="5" severity="error" message="Missing a Javadoc comment." source="com.puppycrawl.tools.checkstyle.checks.javadoc.MissingJavadocMethodCheck"/>
<error line="21" column="5" severity="error" message="Class &apos;SignupOutputData&apos; looks like designed for extension (can be subclassed), but the method &apos;isUseCaseFailed&apos; does not have javadoc that explains how to do that safely. If class is not designed for extension consider making the class &apos;SignupOutputData&apos; final or making the method &apos;isUseCaseFailed&apos; static/final/abstract/empty, or adding allowed annotation for the method." source="com.puppycrawl.tools.checkstyle.checks.design.DesignForExtensionCheck"/>
<error line="21" column="5" severity="error" message="Missing a Javadoc comment." source="com.puppycrawl.tools.checkstyle.checks.javadoc.MissingJavadocMethodCheck"/>
</file>
<file name="C:\Users\varak\Documents\Homework\University\Year 1\CSC207\tanashi2\hw5-git-activity-phase1\homework-5\src\main\java\use_case\signup\SignupUserDataAccessInterface.java">
<error line="1" column="9" severity="error" message="Name &apos;use_case.signup&apos; must match pattern &apos;^[a-z]+(\.[a-zA-Z_][a-zA-Z0-9_]*)*$&apos;." source="com.puppycrawl.tools.checkstyle.checks.naming.PackageNameCheck"/>
</file>
<file name="C:\Users\varak\Documents\Homework\University\Year 1\CSC207\tanashi2\hw5-git-activity-phase1\homework-5\src\main\java\view\LabelTextPanel.java">
<error line="1" severity="error" message="Missing package-info.java file." source="com.puppycrawl.tools.checkstyle.checks.javadoc.JavadocPackageCheck"/>
<error line="11" column="20" severity="error" message="Parameter label should be final." source="com.puppycrawl.tools.checkstyle.checks.FinalParametersCheck"/>
<error line="11" column="34" severity="error" message="Parameter textField should be final." source="com.puppycrawl.tools.checkstyle.checks.FinalParametersCheck"/>
</file>
<file name="C:\Users\varak\Documents\Homework\University\Year 1\CSC207\tanashi2\hw5-git-activity-phase1\homework-5\src\main\java\view\LoggedInView.java">
<error line="25" severity="error" message="Line is longer than 80 characters (found 92)." source="com.puppycrawl.tools.checkstyle.checks.sizes.LineLengthCheck"/>
<error line="27" column="5" severity="error" message="Missing a Javadoc comment." source="com.puppycrawl.tools.checkstyle.checks.javadoc.JavadocVariableCheck"/>
<error line="28" column="5" severity="error" message="Missing a Javadoc comment." source="com.puppycrawl.tools.checkstyle.checks.javadoc.JavadocVariableCheck"/>
<error line="29" column="5" severity="error" message="Missing a Javadoc comment." source="com.puppycrawl.tools.checkstyle.checks.javadoc.JavadocVariableCheck"/>
<error line="30" column="5" severity="error" message="Missing a Javadoc comment." source="com.puppycrawl.tools.checkstyle.checks.javadoc.JavadocVariableCheck"/>
<error line="32" column="5" severity="error" message="Missing a Javadoc comment." source="com.puppycrawl.tools.checkstyle.checks.javadoc.JavadocVariableCheck"/>
<error line="34" column="5" severity="error" message="Missing a Javadoc comment." source="com.puppycrawl.tools.checkstyle.checks.javadoc.JavadocVariableCheck"/>
<error line="36" column="5" severity="error" message="Missing a Javadoc comment." source="com.puppycrawl.tools.checkstyle.checks.javadoc.JavadocVariableCheck"/>
<error line="37" column="5" severity="error" message="Missing a Javadoc comment." source="com.puppycrawl.tools.checkstyle.checks.javadoc.JavadocVariableCheck"/>
<error line="39" severity="error" message="Line is longer than 80 characters (found 113)." source="com.puppycrawl.tools.checkstyle.checks.sizes.LineLengthCheck"/>
<error line="39" column="5" severity="error" message="Missing a Javadoc comment." source="com.puppycrawl.tools.checkstyle.checks.javadoc.MissingJavadocMethodCheck"/>
<error line="39" column="25" severity="error" message="Parameter loggedInViewModel should be final." source="com.puppycrawl.tools.checkstyle.checks.FinalParametersCheck"/>
<error line="39" column="43" severity="error" message="&apos;loggedInViewModel&apos; hides a field." source="com.puppycrawl.tools.checkstyle.checks.coding.HiddenFieldCheck"/>
<error line="39" column="62" severity="error" message="Parameter changePasswordController should be final." source="com.puppycrawl.tools.checkstyle.checks.FinalParametersCheck"/>
<error line="39" column="87" severity="error" message="&apos;changePasswordController&apos; hides a field." source="com.puppycrawl.tools.checkstyle.checks.coding.HiddenFieldCheck"/>
<error line="64" severity="error" message="Line is longer than 80 characters (found 85)." source="com.puppycrawl.tools.checkstyle.checks.sizes.LineLengthCheck"/>
<error line="73" column="38" severity="error" message="Parameter e should be final." source="com.puppycrawl.tools.checkstyle.checks.FinalParametersCheck"/>
<error line="78" column="38" severity="error" message="Parameter e should be final." source="com.puppycrawl.tools.checkstyle.checks.FinalParametersCheck"/>
<error line="83" column="39" severity="error" message="Parameter e should be final." source="com.puppycrawl.tools.checkstyle.checks.FinalParametersCheck"/>
<error line="89" severity="error" message="Line is longer than 80 characters (found 92)." source="com.puppycrawl.tools.checkstyle.checks.sizes.LineLengthCheck"/>
<error line="92" severity="error" message="Line is longer than 80 characters (found 88)." source="com.puppycrawl.tools.checkstyle.checks.sizes.LineLengthCheck"/>
<error line="115" column="33" severity="error" message="Parameter evt should be final." source="com.puppycrawl.tools.checkstyle.checks.FinalParametersCheck"/>
<error line="119" column="5" severity="error" message="Class &apos;LoggedInView&apos; looks like designed for extension (can be subclassed), but the method &apos;propertyChange&apos; does not have javadoc that explains how to do that safely. If class is not designed for extension consider making the class &apos;LoggedInView&apos; final or making the method &apos;propertyChange&apos; static/final/abstract/empty, or adding allowed annotation for the method." source="com.puppycrawl.tools.checkstyle.checks.design.DesignForExtensionCheck"/>
<error line="120" column="32" severity="error" message="Parameter evt should be final." source="com.puppycrawl.tools.checkstyle.checks.FinalParametersCheck"/>
<error line="124" column="9" severity="error" message="&apos;}&apos; at column 9 should be on the same line as the next part of a multi-block statement (one that directly contains multiple blocks: if/else-if/else, do/while or try/catch/finally)." source="com.puppycrawl.tools.checkstyle.checks.blocks.RightCurlyCheck"/>
<error line="127" severity="error" message="Line is longer than 80 characters (found 95)." source="com.puppycrawl.tools.checkstyle.checks.sizes.LineLengthCheck"/>
<error line="132" column="5" severity="error" message="Class &apos;LoggedInView&apos; looks like designed for extension (can be subclassed), but the method &apos;getViewName&apos; does not have javadoc that explains how to do that safely. If class is not designed for extension consider making the class &apos;LoggedInView&apos; final or making the method &apos;getViewName&apos; static/final/abstract/empty, or adding allowed annotation for the method." source="com.puppycrawl.tools.checkstyle.checks.design.DesignForExtensionCheck"/>
<error line="132" column="5" severity="error" message="Missing a Javadoc comment." source="com.puppycrawl.tools.checkstyle.checks.javadoc.MissingJavadocMethodCheck"/>
</file>
<file name="C:\Users\varak\Documents\Homework\University\Year 1\CSC207\tanashi2\hw5-git-activity-phase1\homework-5\src\main\java\view\LoginView.java">
<error line="25" severity="error" message="Line is longer than 80 characters (found 89)." source="com.puppycrawl.tools.checkstyle.checks.sizes.LineLengthCheck"/>
<error line="27" column="5" severity="error" message="Missing a Javadoc comment." source="com.puppycrawl.tools.checkstyle.checks.javadoc.JavadocVariableCheck"/>
<error line="28" column="5" severity="error" message="Missing a Javadoc comment." source="com.puppycrawl.tools.checkstyle.checks.javadoc.JavadocVariableCheck"/>
<error line="30" column="5" severity="error" message="Missing a Javadoc comment." source="com.puppycrawl.tools.checkstyle.checks.javadoc.JavadocVariableCheck"/>
<error line="31" column="5" severity="error" message="Missing a Javadoc comment." source="com.puppycrawl.tools.checkstyle.checks.javadoc.JavadocVariableCheck"/>
<error line="33" column="5" severity="error" message="Missing a Javadoc comment." source="com.puppycrawl.tools.checkstyle.checks.javadoc.JavadocVariableCheck"/>
<error line="34" column="5" severity="error" message="Missing a Javadoc comment." source="com.puppycrawl.tools.checkstyle.checks.javadoc.JavadocVariableCheck"/>
<error line="36" column="5" severity="error" message="Missing a Javadoc comment." source="com.puppycrawl.tools.checkstyle.checks.javadoc.JavadocVariableCheck"/>
<error line="37" column="5" severity="error" message="Missing a Javadoc comment." source="com.puppycrawl.tools.checkstyle.checks.javadoc.JavadocVariableCheck"/>
<error line="38" column="5" severity="error" message="Missing a Javadoc comment." source="com.puppycrawl.tools.checkstyle.checks.javadoc.JavadocVariableCheck"/>
<error line="40" severity="error" message="Line is longer than 80 characters (found 81)." source="com.puppycrawl.tools.checkstyle.checks.sizes.LineLengthCheck"/>
<error line="40" column="5" severity="error" message="Missing a Javadoc comment." source="com.puppycrawl.tools.checkstyle.checks.javadoc.MissingJavadocMethodCheck"/>
<error line="40" column="22" severity="error" message="Parameter loginViewModel should be final." source="com.puppycrawl.tools.checkstyle.checks.FinalParametersCheck"/>
<error line="40" column="37" severity="error" message="&apos;loginViewModel&apos; hides a field." source="com.puppycrawl.tools.checkstyle.checks.coding.HiddenFieldCheck"/>
<error line="40" column="53" severity="error" message="Parameter controller should be final." source="com.puppycrawl.tools.checkstyle.checks.FinalParametersCheck"/>
<error line="62" column="49" severity="error" message="Parameter evt should be final." source="com.puppycrawl.tools.checkstyle.checks.FinalParametersCheck"/>
<error line="64" severity="error" message="Line is longer than 80 characters (found 86)." source="com.puppycrawl.tools.checkstyle.checks.sizes.LineLengthCheck"/>
<error line="77" severity="error" message="Line is longer than 80 characters (found 85)." source="com.puppycrawl.tools.checkstyle.checks.sizes.LineLengthCheck"/>
<error line="86" column="38" severity="error" message="Parameter e should be final." source="com.puppycrawl.tools.checkstyle.checks.FinalParametersCheck"/>
<error line="91" column="38" severity="error" message="Parameter e should be final." source="com.puppycrawl.tools.checkstyle.checks.FinalParametersCheck"/>
<error line="96" column="39" severity="error" message="Parameter e should be final." source="com.puppycrawl.tools.checkstyle.checks.FinalParametersCheck"/>
<error line="103" severity="error" message="Line is longer than 80 characters (found 85)." source="com.puppycrawl.tools.checkstyle.checks.sizes.LineLengthCheck"/>
<error line="107" severity="error" message="Line is longer than 80 characters (found 87)." source="com.puppycrawl.tools.checkstyle.checks.sizes.LineLengthCheck"/>
<error line="112" column="38" severity="error" message="Parameter e should be final." source="com.puppycrawl.tools.checkstyle.checks.FinalParametersCheck"/>
<error line="117" column="38" severity="error" message="Parameter e should be final." source="com.puppycrawl.tools.checkstyle.checks.FinalParametersCheck"/>
<error line="122" column="39" severity="error" message="Parameter e should be final." source="com.puppycrawl.tools.checkstyle.checks.FinalParametersCheck"/>
<error line="138" column="33" severity="error" message="Parameter evt should be final." source="com.puppycrawl.tools.checkstyle.checks.FinalParametersCheck"/>
<error line="142" column="5" severity="error" message="Class &apos;LoginView&apos; looks like designed for extension (can be subclassed), but the method &apos;propertyChange&apos; does not have javadoc that explains how to do that safely. If class is not designed for extension consider making the class &apos;LoginView&apos; final or making the method &apos;propertyChange&apos; static/final/abstract/empty, or adding allowed annotation for the method." source="com.puppycrawl.tools.checkstyle.checks.design.DesignForExtensionCheck"/>
<error line="143" column="32" severity="error" message="Parameter evt should be final." source="com.puppycrawl.tools.checkstyle.checks.FinalParametersCheck"/>
<error line="149" column="28" severity="error" message="Parameter state should be final." source="com.puppycrawl.tools.checkstyle.checks.FinalParametersCheck"/>
<error line="153" column="5" severity="error" message="Class &apos;LoginView&apos; looks like designed for extension (can be subclassed), but the method &apos;getViewName&apos; does not have javadoc that explains how to do that safely. If class is not designed for extension consider making the class &apos;LoginView&apos; final or making the method &apos;getViewName&apos; static/final/abstract/empty, or adding allowed annotation for the method." source="com.puppycrawl.tools.checkstyle.checks.design.DesignForExtensionCheck"/>
<error line="153" column="5" severity="error" message="Missing a Javadoc comment." source="com.puppycrawl.tools.checkstyle.checks.javadoc.MissingJavadocMethodCheck"/>
</file>
<file name="C:\Users\varak\Documents\Homework\University\Year 1\CSC207\tanashi2\hw5-git-activity-phase1\homework-5\src\main\java\view\SignupView.java">
<error line="26" severity="error" message="Line is longer than 80 characters (found 90)." source="com.puppycrawl.tools.checkstyle.checks.sizes.LineLengthCheck"/>
<error line="27" column="5" severity="error" message="Missing a Javadoc comment." source="com.puppycrawl.tools.checkstyle.checks.javadoc.JavadocVariableCheck"/>
<error line="29" column="5" severity="error" message="Missing a Javadoc comment." source="com.puppycrawl.tools.checkstyle.checks.javadoc.JavadocVariableCheck"/>
<error line="30" column="5" severity="error" message="Missing a Javadoc comment." source="com.puppycrawl.tools.checkstyle.checks.javadoc.JavadocVariableCheck"/>
<error line="31" column="5" severity="error" message="Missing a Javadoc comment." source="com.puppycrawl.tools.checkstyle.checks.javadoc.JavadocVariableCheck"/>
<error line="32" severity="error" message="Line is longer than 80 characters (found 83)." source="com.puppycrawl.tools.checkstyle.checks.sizes.LineLengthCheck"/>
<error line="32" column="5" severity="error" message="Missing a Javadoc comment." source="com.puppycrawl.tools.checkstyle.checks.javadoc.JavadocVariableCheck"/>
<error line="33" column="5" severity="error" message="Missing a Javadoc comment." source="com.puppycrawl.tools.checkstyle.checks.javadoc.JavadocVariableCheck"/>
<error line="35" column="5" severity="error" message="Missing a Javadoc comment." source="com.puppycrawl.tools.checkstyle.checks.javadoc.JavadocVariableCheck"/>
<error line="36" column="5" severity="error" message="Missing a Javadoc comment." source="com.puppycrawl.tools.checkstyle.checks.javadoc.JavadocVariableCheck"/>
<error line="37" column="5" severity="error" message="Missing a Javadoc comment." source="com.puppycrawl.tools.checkstyle.checks.javadoc.JavadocVariableCheck"/>
<error line="39" severity="error" message="Line is longer than 80 characters (found 85)." source="com.puppycrawl.tools.checkstyle.checks.sizes.LineLengthCheck"/>
<error line="39" column="5" severity="error" message="Missing a Javadoc comment." source="com.puppycrawl.tools.checkstyle.checks.javadoc.MissingJavadocMethodCheck"/>
<error line="39" column="23" severity="error" message="Parameter controller should be final." source="com.puppycrawl.tools.checkstyle.checks.FinalParametersCheck"/>
<error line="39" column="52" severity="error" message="Parameter signupViewModel should be final." source="com.puppycrawl.tools.checkstyle.checks.FinalParametersCheck"/>
<error line="39" column="68" severity="error" message="&apos;signupViewModel&apos; hides a field." source="com.puppycrawl.tools.checkstyle.checks.coding.HiddenFieldCheck"/>
<error line="53" severity="error" message="Line is longer than 80 characters (found 93)." source="com.puppycrawl.tools.checkstyle.checks.sizes.LineLengthCheck"/>
<error line="64" severity="error" message="Line is longer than 80 characters (found 92)." source="com.puppycrawl.tools.checkstyle.checks.sizes.LineLengthCheck"/>
<error line="66" column="49" severity="error" message="Parameter evt should be final." source="com.puppycrawl.tools.checkstyle.checks.FinalParametersCheck"/>
<error line="68" severity="error" message="Line is longer than 80 characters (found 88)." source="com.puppycrawl.tools.checkstyle.checks.sizes.LineLengthCheck"/>
<error line="82" column="49" severity="error" message="Parameter evt should be final." source="com.puppycrawl.tools.checkstyle.checks.FinalParametersCheck"/>
<error line="104" severity="error" message="Line is longer than 80 characters (found 85)." source="com.puppycrawl.tools.checkstyle.checks.sizes.LineLengthCheck"/>
<error line="113" column="38" severity="error" message="Parameter e should be final." source="com.puppycrawl.tools.checkstyle.checks.FinalParametersCheck"/>
<error line="118" column="38" severity="error" message="Parameter e should be final." source="com.puppycrawl.tools.checkstyle.checks.FinalParametersCheck"/>
<error line="123" column="39" severity="error" message="Parameter e should be final." source="com.puppycrawl.tools.checkstyle.checks.FinalParametersCheck"/>
<error line="130" severity="error" message="Line is longer than 80 characters (found 85)." source="com.puppycrawl.tools.checkstyle.checks.sizes.LineLengthCheck"/>
<error line="134" severity="error" message="Line is longer than 80 characters (found 87)." source="com.puppycrawl.tools.checkstyle.checks.sizes.LineLengthCheck"/>
<error line="139" column="38" severity="error" message="Parameter e should be final." source="com.puppycrawl.tools.checkstyle.checks.FinalParametersCheck"/>
<error line="144" column="38" severity="error" message="Parameter e should be final." source="com.puppycrawl.tools.checkstyle.checks.FinalParametersCheck"/>
<error line="149" column="39" severity="error" message="Parameter e should be final." source="com.puppycrawl.tools.checkstyle.checks.FinalParametersCheck"/>
<error line="156" severity="error" message="Line is longer than 80 characters (found 91)." source="com.puppycrawl.tools.checkstyle.checks.sizes.LineLengthCheck"/>
<error line="160" severity="error" message="Line is longer than 80 characters (found 99)." source="com.puppycrawl.tools.checkstyle.checks.sizes.LineLengthCheck"/>
<error line="165" column="38" severity="error" message="Parameter e should be final." source="com.puppycrawl.tools.checkstyle.checks.FinalParametersCheck"/>
<error line="170" column="38" severity="error" message="Parameter e should be final." source="com.puppycrawl.tools.checkstyle.checks.FinalParametersCheck"/>
<error line="175" column="39" severity="error" message="Parameter e should be final." source="com.puppycrawl.tools.checkstyle.checks.FinalParametersCheck"/>
<error line="181" column="5" severity="error" message="Class &apos;SignupView&apos; looks like designed for extension (can be subclassed), but the method &apos;actionPerformed&apos; does not have javadoc that explains how to do that safely. If class is not designed for extension consider making the class &apos;SignupView&apos; final or making the method &apos;actionPerformed&apos; static/final/abstract/empty, or adding allowed annotation for the method." source="com.puppycrawl.tools.checkstyle.checks.design.DesignForExtensionCheck"/>
<error line="182" column="33" severity="error" message="Parameter evt should be final." source="com.puppycrawl.tools.checkstyle.checks.FinalParametersCheck"/>
<error line="186" column="5" severity="error" message="Class &apos;SignupView&apos; looks like designed for extension (can be subclassed), but the method &apos;propertyChange&apos; does not have javadoc that explains how to do that safely. If class is not designed for extension consider making the class &apos;SignupView&apos; final or making the method &apos;propertyChange&apos; static/final/abstract/empty, or adding allowed annotation for the method." source="com.puppycrawl.tools.checkstyle.checks.design.DesignForExtensionCheck"/>
<error line="187" column="32" severity="error" message="Parameter evt should be final." source="com.puppycrawl.tools.checkstyle.checks.FinalParametersCheck"/>
<error line="194" column="5" severity="error" message="Class &apos;SignupView&apos; looks like designed for extension (can be subclassed), but the method &apos;getViewName&apos; does not have javadoc that explains how to do that safely. If class is not designed for extension consider making the class &apos;SignupView&apos; final or making the method &apos;getViewName&apos; static/final/abstract/empty, or adding allowed annotation for the method." source="com.puppycrawl.tools.checkstyle.checks.design.DesignForExtensionCheck"/>
<error line="194" column="5" severity="error" message="Missing a Javadoc comment." source="com.puppycrawl.tools.checkstyle.checks.javadoc.MissingJavadocMethodCheck"/>
</file>
<file name="C:\Users\varak\Documents\Homework\University\Year 1\CSC207\tanashi2\hw5-git-activity-phase1\homework-5\src\main\java\view\ViewManager.java">
<error line="16" column="5" severity="error" message="Missing a Javadoc comment." source="com.puppycrawl.tools.checkstyle.checks.javadoc.JavadocVariableCheck"/>
<error line="17" column="5" severity="error" message="Missing a Javadoc comment." source="com.puppycrawl.tools.checkstyle.checks.javadoc.JavadocVariableCheck"/>
<error line="18" column="5" severity="error" message="Missing a Javadoc comment." source="com.puppycrawl.tools.checkstyle.checks.javadoc.JavadocVariableCheck"/>
<error line="20" severity="error" message="Line is longer than 80 characters (found 96)." source="com.puppycrawl.tools.checkstyle.checks.sizes.LineLengthCheck"/>
<error line="20" column="5" severity="error" message="Missing a Javadoc comment." source="com.puppycrawl.tools.checkstyle.checks.javadoc.MissingJavadocMethodCheck"/>
<error line="20" column="24" severity="error" message="Parameter views should be final." source="com.puppycrawl.tools.checkstyle.checks.FinalParametersCheck"/>
<error line="20" column="31" severity="error" message="&apos;views&apos; hides a field." source="com.puppycrawl.tools.checkstyle.checks.coding.HiddenFieldCheck"/>
<error line="20" column="38" severity="error" message="Parameter cardLayout should be final." source="com.puppycrawl.tools.checkstyle.checks.FinalParametersCheck"/>
<error line="20" column="49" severity="error" message="&apos;cardLayout&apos; hides a field." source="com.puppycrawl.tools.checkstyle.checks.coding.HiddenFieldCheck"/>
<error line="20" column="61" severity="error" message="Parameter viewManagerModel should be final." source="com.puppycrawl.tools.checkstyle.checks.FinalParametersCheck"/>
<error line="20" column="78" severity="error" message="&apos;viewManagerModel&apos; hides a field." source="com.puppycrawl.tools.checkstyle.checks.coding.HiddenFieldCheck"/>
<error line="27" column="5" severity="error" message="Class &apos;ViewManager&apos; looks like designed for extension (can be subclassed), but the method &apos;propertyChange&apos; does not have javadoc that explains how to do that safely. If class is not designed for extension consider making the class &apos;ViewManager&apos; final or making the method &apos;propertyChange&apos; static/final/abstract/empty, or adding allowed annotation for the method." source="com.puppycrawl.tools.checkstyle.checks.design.DesignForExtensionCheck"/>
<error line="28" column="32" severity="error" message="Parameter evt should be final." source="com.puppycrawl.tools.checkstyle.checks.FinalParametersCheck"/>
</file>
</checkstyle>
